{"/Users/andelaeveloper/Documents/DMS/test-server.js":{"path":"/Users/andelaeveloper/Documents/DMS/test-server.js","s":{"1":1,"2":1,"3":1,"4":1,"5":1,"6":1,"7":1,"8":3,"9":1,"10":1,"11":1,"12":1,"13":1,"14":1,"15":1,"16":1,"17":1},"b":{"1":[0,3],"2":[3,3]},"f":{"1":3,"2":1},"fnMap":{"1":{"name":"_interopRequireDefault","line":0,"loc":{"start":{"line":0,"column":0},"end":{"line":0,"column":0}},"skip":true},"2":{"name":"(anonymous_2)","line":18,"loc":{"start":{"line":18,"column":36},"end":{"line":18,"column":42}}}},"statementMap":{"1":{"start":{"line":2,"column":0},"end":{"line":null,"column":null}},"2":{"start":{"line":0,"column":0},"end":{"line":0,"column":0},"skip":true},"3":{"start":{"line":3,"column":0},"end":{"line":null,"column":null}},"4":{"start":{"line":0,"column":0},"end":{"line":0,"column":0},"skip":true},"5":{"start":{"line":4,"column":0},"end":{"line":null,"column":null}},"6":{"start":{"line":0,"column":0},"end":{"line":0,"column":0},"skip":true},"7":{"start":{"line":0,"column":0},"end":{"line":0,"column":0},"skip":true},"8":{"start":{"line":0,"column":0},"end":{"line":0,"column":0},"skip":true},"9":{"start":{"line":7,"column":0},"end":{"line":null,"column":null}},"10":{"start":{"line":9,"column":0},"end":{"line":null,"column":null}},"11":{"start":{"line":10,"column":0},"end":{"line":null,"column":null}},"12":{"start":{"line":14,"column":0},"end":{"line":null,"column":null}},"13":{"start":{"line":15,"column":0},"end":{"line":null,"column":null}},"14":{"start":{"line":16,"column":0},"end":{"line":null,"column":null}},"15":{"start":{"line":18,"column":0},"end":{"line":null,"column":null}},"16":{"start":{"line":19,"column":10},"end":{"line":null,"column":null}},"17":{"start":{"line":22,"column":0},"end":{"line":null,"column":null}}},"branchMap":{"1":{"line":0,"type":"cond-expr","locations":[{"start":{"line":0,"column":0},"end":{"line":0,"column":0},"skip":true},{"start":{"line":0,"column":0},"end":{"line":0,"column":0},"skip":true}]},"2":{"line":0,"type":"binary-expr","locations":[{"start":{"line":0,"column":0},"end":{"line":0,"column":0},"skip":true},{"start":{"line":0,"column":0},"end":{"line":0,"column":0},"skip":true}]}}},"/Users/andelaeveloper/Documents/DMS/server/routes/UsersRoutes.js":{"path":"/Users/andelaeveloper/Documents/DMS/server/routes/UsersRoutes.js","s":{"1":1,"2":1,"3":1,"4":1,"5":1,"6":2,"7":1,"8":1,"9":1,"10":1,"11":1,"12":1,"13":1,"14":1},"b":{"1":[2,0],"2":[2,2]},"f":{"1":2,"2":1},"fnMap":{"1":{"name":"_interopRequireDefault","line":0,"loc":{"start":{"line":0,"column":0},"end":{"line":0,"column":0}},"skip":true},"2":{"name":"(anonymous_2)","line":4,"loc":{"start":{"line":4,"column":17},"end":{"line":4,"column":26}}}},"statementMap":{"1":{"start":{"line":1,"column":0},"end":{"line":null,"column":null}},"2":{"start":{"line":0,"column":0},"end":{"line":0,"column":0},"skip":true},"3":{"start":{"line":2,"column":0},"end":{"line":null,"column":null}},"4":{"start":{"line":0,"column":0},"end":{"line":0,"column":0},"skip":true},"5":{"start":{"line":0,"column":0},"end":{"line":0,"column":0},"skip":true},"6":{"start":{"line":0,"column":0},"end":{"line":0,"column":0},"skip":true},"7":{"start":{"line":4,"column":0},"end":{"line":null,"column":null}},"8":{"start":{"line":5,"column":6},"end":{"line":null,"column":null}},"9":{"start":{"line":7,"column":6},"end":{"line":null,"column":null}},"10":{"start":{"line":9,"column":6},"end":{"line":null,"column":null}},"11":{"start":{"line":11,"column":6},"end":{"line":null,"column":null}},"12":{"start":{"line":13,"column":6},"end":{"line":null,"column":null}},"13":{"start":{"line":15,"column":6},"end":{"line":null,"column":null}},"14":{"start":{"line":17,"column":6},"end":{"line":null,"column":null}}},"branchMap":{"1":{"line":0,"type":"cond-expr","locations":[{"start":{"line":0,"column":0},"end":{"line":0,"column":0},"skip":true},{"start":{"line":0,"column":0},"end":{"line":0,"column":0},"skip":true}]},"2":{"line":0,"type":"binary-expr","locations":[{"start":{"line":0,"column":0},"end":{"line":0,"column":0},"skip":true},{"start":{"line":0,"column":0},"end":{"line":0,"column":0},"skip":true}]}}},"/Users/andelaeveloper/Documents/DMS/server/middlewares/Auth.js":{"path":"/Users/andelaeveloper/Documents/DMS/server/middlewares/Auth.js","s":{"1":1,"2":1,"3":1,"4":1,"5":1,"6":1,"7":1,"8":1,"9":3,"10":1,"11":1,"12":1,"13":10,"14":10,"15":66,"16":66,"17":2,"18":64,"19":64,"20":0,"21":64,"22":64,"23":16,"24":16,"25":13,"26":3,"27":1},"b":{"1":[0,3],"2":[3,3],"3":[66,2],"4":[2,64],"5":[0,64],"6":[13,3]},"f":{"1":3,"2":10,"3":66,"4":64,"5":16,"6":16},"fnMap":{"1":{"name":"_interopRequireDefault","line":0,"loc":{"start":{"line":0,"column":0},"end":{"line":0,"column":0}},"skip":true},"2":{"name":"getToken","line":13,"loc":{"start":{"line":13,"column":11},"end":{"line":13,"column":17}}},"3":{"name":"verifyToken","line":29,"loc":{"start":{"line":29,"column":14},"end":{"line":29,"column":30}}},"4":{"name":"(anonymous_4)","line":34,"loc":{"start":{"line":34,"column":30},"end":{"line":34,"column":48}}},"5":{"name":"verifyAdmin","line":50,"loc":{"start":{"line":50,"column":14},"end":{"line":50,"column":30}}},"6":{"name":"(anonymous_6)","line":52,"loc":{"start":{"line":52,"column":13},"end":{"line":52,"column":23}}}},"statementMap":{"1":{"start":{"line":0,"column":0},"end":{"line":0,"column":0},"skip":true},"2":{"start":{"line":1,"column":0},"end":{"line":null,"column":null}},"3":{"start":{"line":0,"column":0},"end":{"line":0,"column":0},"skip":true},"4":{"start":{"line":2,"column":0},"end":{"line":null,"column":null}},"5":{"start":{"line":0,"column":0},"end":{"line":0,"column":0},"skip":true},"6":{"start":{"line":3,"column":0},"end":{"line":null,"column":null}},"7":{"start":{"line":0,"column":0},"end":{"line":0,"column":0},"skip":true},"8":{"start":{"line":0,"column":0},"end":{"line":0,"column":0},"skip":true},"9":{"start":{"line":0,"column":0},"end":{"line":0,"column":0},"skip":true},"10":{"start":{"line":5,"column":0},"end":{"line":null,"column":null}},"11":{"start":{"line":6,"column":0},"end":{"line":null,"column":null}},"12":{"start":{"line":7,"column":0},"end":{"line":null,"column":null}},"13":{"start":{"line":14,"column":10},"end":{"line":null,"column":null}},"14":{"start":{"line":20,"column":11},"end":{"line":null,"column":null}},"15":{"start":{"line":30,"column":10},"end":{"line":null,"column":null}},"16":{"start":{"line":31,"column":8},"end":{"line":null,"column":null}},"17":{"start":{"line":32,"column":13},"end":{"line":null,"column":null}},"18":{"start":{"line":34,"column":8},"end":{"line":null,"column":null}},"19":{"start":{"line":35,"column":10},"end":{"line":null,"column":null}},"20":{"start":{"line":36,"column":15},"end":{"line":null,"column":null}},"21":{"start":{"line":38,"column":10},"end":{"line":null,"column":null}},"22":{"start":{"line":0,"column":0},"end":{"line":0,"column":0},"skip":true},"23":{"start":{"line":51,"column":7},"end":{"line":null,"column":null}},"24":{"start":{"line":53,"column":13},"end":{"line":null,"column":null}},"25":{"start":{"line":0,"column":0},"end":{"line":0,"column":0},"skip":true},"26":{"start":{"line":56,"column":18},"end":{"line":null,"column":null}},"27":{"start":{"line":64,"column":15},"end":{"line":null,"column":null}}},"branchMap":{"1":{"line":0,"type":"cond-expr","locations":[{"start":{"line":0,"column":0},"end":{"line":0,"column":0},"skip":true},{"start":{"line":0,"column":0},"end":{"line":0,"column":0},"skip":true}]},"2":{"line":0,"type":"binary-expr","locations":[{"start":{"line":0,"column":0},"end":{"line":0,"column":0},"skip":true},{"start":{"line":0,"column":0},"end":{"line":0,"column":0},"skip":true}]},"3":{"line":30,"type":"binary-expr","locations":[{"start":{"line":30,"column":18},"end":{"line":30,"column":18}},{"start":{"line":30,"column":47},"end":{"line":30,"column":4}}]},"4":{"line":31,"type":"if","locations":[{"start":{"line":31,"column":8},"end":{"line":31,"column":8}},{"start":{"line":31,"column":8},"end":{"line":31,"column":8}}]},"5":{"line":35,"type":"if","locations":[{"start":{"line":35,"column":10},"end":{"line":35,"column":10}},{"start":{"line":35,"column":10},"end":{"line":35,"column":10}}]},"6":{"line":53,"type":"if","locations":[{"start":{"line":53,"column":13},"end":{"line":53,"column":13}},{"start":{"line":53,"column":13},"end":{"line":53,"column":13}}]}}},"/Users/andelaeveloper/Documents/DMS/server/models/index.js":{"path":"/Users/andelaeveloper/Documents/DMS/server/models/index.js","s":{"1":1,"2":1,"3":1,"4":1,"5":1,"6":1,"7":1,"8":1,"9":1,"10":0,"11":1,"12":1,"13":5,"14":3,"15":3,"16":1,"17":3,"18":3,"19":1,"20":1,"21":1},"b":{"1":[1,0],"2":[0,1],"3":[5,4,3],"4":[3,0]},"f":{"1":5,"2":3,"3":3},"fnMap":{"1":{"name":"(anonymous_1)","line":21,"loc":{"start":{"line":21,"column":10},"end":{"line":21,"column":25}}},"2":{"name":"(anonymous_2)","line":24,"loc":{"start":{"line":24,"column":11},"end":{"line":24,"column":26}}},"3":{"name":"(anonymous_3)","line":29,"loc":{"start":{"line":29,"column":24},"end":{"line":29,"column":44}}}},"statementMap":{"1":{"start":{"line":3,"column":0},"end":{"line":null,"column":null}},"2":{"start":{"line":4,"column":0},"end":{"line":null,"column":null}},"3":{"start":{"line":5,"column":0},"end":{"line":null,"column":null}},"4":{"start":{"line":6,"column":0},"end":{"line":null,"column":null}},"5":{"start":{"line":7,"column":0},"end":{"line":null,"column":null}},"6":{"start":{"line":8,"column":0},"end":{"line":null,"column":null}},"7":{"start":{"line":9,"column":0},"end":{"line":null,"column":null}},"8":{"start":{"line":11,"column":0},"end":{"line":null,"column":null}},"9":{"start":{"line":13,"column":0},"end":{"line":null,"column":null}},"10":{"start":{"line":14,"column":6},"end":{"line":null,"column":null}},"11":{"start":{"line":16,"column":6},"end":{"line":null,"column":null}},"12":{"start":{"line":19,"column":0},"end":{"line":null,"column":null}},"13":{"start":{"line":22,"column":12},"end":{"line":null,"column":null}},"14":{"start":{"line":25,"column":8},"end":{"line":null,"column":null}},"15":{"start":{"line":26,"column":7},"end":{"line":null,"column":null}},"16":{"start":{"line":29,"column":0},"end":{"line":null,"column":null}},"17":{"start":{"line":30,"column":6},"end":{"line":null,"column":null}},"18":{"start":{"line":31,"column":7},"end":{"line":null,"column":null}},"19":{"start":{"line":35,"column":0},"end":{"line":null,"column":null}},"20":{"start":{"line":36,"column":0},"end":{"line":null,"column":null}},"21":{"start":{"line":38,"column":0},"end":{"line":null,"column":null}}},"branchMap":{"1":{"line":7,"type":"binary-expr","locations":[{"start":{"line":7,"column":16},"end":{"line":7,"column":16}},{"start":{"line":7,"column":40},"end":{"line":7,"column":0}}]},"2":{"line":13,"type":"if","locations":[{"start":{"line":13,"column":0},"end":{"line":13,"column":0}},{"start":{"line":13,"column":0},"end":{"line":13,"column":0}}]},"3":{"line":22,"type":"binary-expr","locations":[{"start":{"line":22,"column":12},"end":{"line":22,"column":11}},{"start":{"line":22,"column":41},"end":{"line":22,"column":11}},{"start":{"line":22,"column":64},"end":{"line":22,"column":4}}]},"4":{"line":30,"type":"if","locations":[{"start":{"line":30,"column":6},"end":{"line":30,"column":6}},{"start":{"line":30,"column":6},"end":{"line":30,"column":6}}]}}},"/Users/andelaeveloper/Documents/DMS/server/config/config.js":{"path":"/Users/andelaeveloper/Documents/DMS/server/config/config.js","s":{"1":1},"b":{},"f":{},"fnMap":{},"statementMap":{"1":{"start":{"line":2,"column":0},"end":{"line":null,"column":null}}},"branchMap":{}},"/Users/andelaeveloper/Documents/DMS/server/models/documents.js":{"path":"/Users/andelaeveloper/Documents/DMS/server/models/documents.js","s":{"1":1,"2":1,"3":1,"4":1},"b":{},"f":{"1":1,"2":1},"fnMap":{"1":{"name":"(anonymous_1)","line":1,"loc":{"start":{"line":1,"column":17},"end":{"line":1,"column":43}}},"2":{"name":"associate","line":19,"loc":{"start":{"line":19,"column":16},"end":{"line":19,"column":24}}}},"statementMap":{"1":{"start":{"line":1,"column":0},"end":{"line":null,"column":null}},"2":{"start":{"line":2,"column":8},"end":{"line":null,"column":null}},"3":{"start":{"line":20,"column":18},"end":{"line":null,"column":null}},"4":{"start":{"line":27,"column":9},"end":{"line":null,"column":null}}},"branchMap":{}},"/Users/andelaeveloper/Documents/DMS/server/models/role.js":{"path":"/Users/andelaeveloper/Documents/DMS/server/models/role.js","s":{"1":1,"2":1,"3":1,"4":1},"b":{},"f":{"1":1,"2":1},"fnMap":{"1":{"name":"(anonymous_1)","line":2,"loc":{"start":{"line":2,"column":17},"end":{"line":2,"column":43}}},"2":{"name":"associate","line":12,"loc":{"start":{"line":12,"column":17},"end":{"line":12,"column":29}}}},"statementMap":{"1":{"start":{"line":2,"column":0},"end":{"line":null,"column":null}},"2":{"start":{"line":3,"column":8},"end":{"line":null,"column":null}},"3":{"start":{"line":13,"column":14},"end":{"line":null,"column":null}},"4":{"start":{"line":21,"column":9},"end":{"line":null,"column":null}}},"branchMap":{}},"/Users/andelaeveloper/Documents/DMS/server/models/user.js":{"path":"/Users/andelaeveloper/Documents/DMS/server/models/user.js","s":{"1":1,"2":1,"3":1,"4":1,"5":1,"6":1,"7":1,"8":1,"9":8,"10":8,"11":8,"12":8,"13":0,"14":1},"b":{"1":[0,1],"2":[1,1],"3":[0,8]},"f":{"1":1,"2":1,"3":1,"4":8,"5":8,"6":8,"7":8},"fnMap":{"1":{"name":"_interopRequireDefault","line":0,"loc":{"start":{"line":0,"column":0},"end":{"line":0,"column":0}},"skip":true},"2":{"name":"(anonymous_2)","line":3,"loc":{"start":{"line":3,"column":17},"end":{"line":3,"column":43}}},"3":{"name":"associate","line":39,"loc":{"start":{"line":39,"column":17},"end":{"line":39,"column":29}}},"4":{"name":"validPassword","line":52,"loc":{"start":{"line":52,"column":20},"end":{"line":52,"column":30}}},"5":{"name":"hashPassword","line":55,"loc":{"start":{"line":55,"column":21},"end":{"line":55,"column":21}}},"6":{"name":"beforeCreate","line":60,"loc":{"start":{"line":60,"column":19},"end":{"line":60,"column":25}}},"7":{"name":"beforeUpdate","line":63,"loc":{"start":{"line":63,"column":19},"end":{"line":63,"column":25}}}},"statementMap":{"1":{"start":{"line":1,"column":0},"end":{"line":null,"column":null}},"2":{"start":{"line":0,"column":0},"end":{"line":0,"column":0},"skip":true},"3":{"start":{"line":0,"column":0},"end":{"line":0,"column":0},"skip":true},"4":{"start":{"line":0,"column":0},"end":{"line":0,"column":0},"skip":true},"5":{"start":{"line":3,"column":0},"end":{"line":null,"column":null}},"6":{"start":{"line":4,"column":8},"end":{"line":null,"column":null}},"7":{"start":{"line":40,"column":14},"end":{"line":null,"column":null}},"8":{"start":{"line":44,"column":14},"end":{"line":null,"column":null}},"9":{"start":{"line":53,"column":15},"end":{"line":null,"column":null}},"10":{"start":{"line":56,"column":13},"end":{"line":null,"column":null}},"11":{"start":{"line":61,"column":13},"end":{"line":null,"column":null}},"12":{"start":{"line":64,"column":12},"end":{"line":null,"column":null}},"13":{"start":{"line":65,"column":15},"end":{"line":null,"column":null}},"14":{"start":{"line":70,"column":9},"end":{"line":null,"column":null}}},"branchMap":{"1":{"line":0,"type":"cond-expr","locations":[{"start":{"line":0,"column":0},"end":{"line":0,"column":0},"skip":true},{"start":{"line":0,"column":0},"end":{"line":0,"column":0},"skip":true}]},"2":{"line":0,"type":"binary-expr","locations":[{"start":{"line":0,"column":0},"end":{"line":0,"column":0},"skip":true},{"start":{"line":0,"column":0},"end":{"line":0,"column":0},"skip":true}]},"3":{"line":64,"type":"if","locations":[{"start":{"line":64,"column":12},"end":{"line":64,"column":12}},{"start":{"line":64,"column":12},"end":{"line":64,"column":12}}]}}},"/Users/andelaeveloper/Documents/DMS/server/controllers/User.js":{"path":"/Users/andelaeveloper/Documents/DMS/server/controllers/User.js","s":{"1":1,"2":1,"3":1,"4":1,"5":1,"6":1,"7":1,"8":1,"9":3,"10":1,"11":4,"12":4,"13":1,"14":4,"15":2,"16":2,"17":2,"18":10,"19":10,"20":8,"21":8,"22":8,"23":2,"24":1,"25":1,"26":1,"27":1,"28":1,"29":1,"30":1,"31":0,"32":3,"33":3,"34":1,"35":1,"36":0,"37":0,"38":0,"39":0,"40":2,"41":2,"42":2,"43":1,"44":1,"45":0,"46":0,"47":1,"48":3,"49":3,"50":1,"51":1,"52":0,"53":0,"54":0,"55":0,"56":2,"57":3,"58":3,"59":1,"60":2,"61":2,"62":2,"63":2,"64":2,"65":2,"66":2,"67":2,"68":2,"69":1,"70":1,"71":1},"b":{"1":[2,1],"2":[3,3],"3":[1,3],"4":[8,2],"5":[10,8],"6":[1,1],"7":[1,1],"8":[1,0],"9":[1,0],"10":[0,0],"11":[0,0],"12":[1,0],"13":[1,0],"14":[0,0],"15":[0,0],"16":[1,2],"17":[0,2],"18":[0,2],"19":[1,1]},"f":{"1":3,"2":4,"3":4,"4":2,"5":2,"6":10,"7":10,"8":1,"9":1,"10":0,"11":3,"12":3,"13":1,"14":2,"15":2,"16":2,"17":1,"18":0,"19":1,"20":3,"21":3,"22":1,"23":0,"24":2,"25":3,"26":2},"fnMap":{"1":{"name":"_interopRequireDefault","line":0,"loc":{"start":{"line":0,"column":0},"end":{"line":0,"column":0}},"skip":true},"2":{"name":"create","line":13,"loc":{"start":{"line":13,"column":9},"end":{"line":13,"column":19}}},"3":{"name":"(anonymous_3)","line":15,"loc":{"start":{"line":15,"column":12},"end":{"line":15,"column":30}}},"4":{"name":"(anonymous_4)","line":23,"loc":{"start":{"line":23,"column":12},"end":{"line":23,"column":25}}},"5":{"name":"(anonymous_5)","line":31,"loc":{"start":{"line":31,"column":13},"end":{"line":null,"column":null}}},"6":{"name":"login","line":40,"loc":{"start":{"line":40,"column":8},"end":{"line":40,"column":18}}},"7":{"name":"(anonymous_7)","line":43,"loc":{"start":{"line":43,"column":10},"end":{"line":43,"column":20}}},"8":{"name":"allUsers","line":66,"loc":{"start":{"line":66,"column":11},"end":{"line":66,"column":21}}},"9":{"name":"(anonymous_9)","line":80,"loc":{"start":{"line":80,"column":12},"end":{"line":80,"column":23}}},"10":{"name":"(anonymous_10)","line":95,"loc":{"start":{"line":95,"column":15},"end":{"line":null,"column":null}}},"11":{"name":"findUser","line":105,"loc":{"start":{"line":105,"column":11},"end":{"line":105,"column":21}}},"12":{"name":"(anonymous_12)","line":108,"loc":{"start":{"line":108,"column":10},"end":{"line":108,"column":20}}},"13":{"name":"(anonymous_13)","line":111,"loc":{"start":{"line":111,"column":14},"end":{"line":111,"column":24}}},"14":{"name":"(anonymous_14)","line":124,"loc":{"start":{"line":124,"column":15},"end":{"line":null,"column":null}}},"15":{"name":"_delete","line":135,"loc":{"start":{"line":135,"column":9},"end":{"line":135,"column":19}}},"16":{"name":"(anonymous_16)","line":138,"loc":{"start":{"line":138,"column":12},"end":{"line":138,"column":22}}},"17":{"name":"(anonymous_17)","line":141,"loc":{"start":{"line":141,"column":16},"end":{"line":141,"column":26}}},"18":{"name":"(anonymous_18)","line":149,"loc":{"start":{"line":149,"column":18},"end":{"line":null,"column":null}}},"19":{"name":"(anonymous_19)","line":153,"loc":{"start":{"line":153,"column":13},"end":{"line":null,"column":null}}},"20":{"name":"updateUsers","line":164,"loc":{"start":{"line":164,"column":14},"end":{"line":164,"column":24}}},"21":{"name":"(anonymous_21)","line":166,"loc":{"start":{"line":166,"column":12},"end":{"line":166,"column":22}}},"22":{"name":"(anonymous_22)","line":169,"loc":{"start":{"line":169,"column":16},"end":{"line":169,"column":26}}},"23":{"name":"(anonymous_23)","line":182,"loc":{"start":{"line":182,"column":20},"end":{"line":null,"column":null}}},"24":{"name":"(anonymous_24)","line":187,"loc":{"start":{"line":187,"column":15},"end":{"line":null,"column":null}}},"25":{"name":"search","line":199,"loc":{"start":{"line":199,"column":9},"end":{"line":199,"column":19}}},"26":{"name":"(anonymous_26)","line":224,"loc":{"start":{"line":224,"column":12},"end":{"line":224,"column":23}}}},"statementMap":{"1":{"start":{"line":0,"column":0},"end":{"line":0,"column":0},"skip":true},"2":{"start":{"line":1,"column":0},"end":{"line":null,"column":null}},"3":{"start":{"line":0,"column":0},"end":{"line":0,"column":0},"skip":true},"4":{"start":{"line":2,"column":0},"end":{"line":null,"column":null}},"5":{"start":{"line":0,"column":0},"end":{"line":0,"column":0},"skip":true},"6":{"start":{"line":3,"column":0},"end":{"line":null,"column":null}},"7":{"start":{"line":0,"column":0},"end":{"line":0,"column":0},"skip":true},"8":{"start":{"line":0,"column":0},"end":{"line":0,"column":0},"skip":true},"9":{"start":{"line":0,"column":0},"end":{"line":0,"column":0},"skip":true},"10":{"start":{"line":6,"column":0},"end":{"line":null,"column":null}},"11":{"start":{"line":14,"column":7},"end":{"line":null,"column":null}},"12":{"start":{"line":16,"column":12},"end":{"line":null,"column":null}},"13":{"start":{"line":17,"column":17},"end":{"line":null,"column":null}},"14":{"start":{"line":22,"column":7},"end":{"line":null,"column":null}},"15":{"start":{"line":24,"column":14},"end":{"line":null,"column":null}},"16":{"start":{"line":25,"column":12},"end":{"line":null,"column":null}},"17":{"start":{"line":31,"column":19},"end":{"line":null,"column":null}},"18":{"start":{"line":41,"column":7},"end":{"line":null,"column":null}},"19":{"start":{"line":44,"column":10},"end":{"line":null,"column":null}},"20":{"start":{"line":45,"column":13},"end":{"line":null,"column":null}},"21":{"start":{"line":46,"column":14},"end":{"line":null,"column":null}},"22":{"start":{"line":47,"column":15},"end":{"line":null,"column":null}},"23":{"start":{"line":54,"column":10},"end":{"line":null,"column":null}},"24":{"start":{"line":67,"column":10},"end":{"line":null,"column":null}},"25":{"start":{"line":68,"column":10},"end":{"line":null,"column":null}},"26":{"start":{"line":69,"column":7},"end":{"line":null,"column":null}},"27":{"start":{"line":81,"column":12},"end":{"line":null,"column":null}},"28":{"start":{"line":82,"column":16},"end":{"line":null,"column":null}},"29":{"start":{"line":87,"column":16},"end":{"line":null,"column":null}},"30":{"start":{"line":88,"column":14},"end":{"line":null,"column":null}},"31":{"start":{"line":95,"column":21},"end":{"line":null,"column":null}},"32":{"start":{"line":106,"column":7},"end":{"line":null,"column":null}},"33":{"start":{"line":109,"column":9},"end":{"line":null,"column":null}},"34":{"start":{"line":112,"column":14},"end":{"line":null,"column":null}},"35":{"start":{"line":113,"column":19},"end":{"line":null,"column":null}},"36":{"start":{"line":117,"column":15},"end":{"line":null,"column":null}},"37":{"start":{"line":118,"column":19},"end":{"line":null,"column":null}},"38":{"start":{"line":121,"column":14},"end":{"line":null,"column":null}},"39":{"start":{"line":122,"column":14},"end":{"line":null,"column":null}},"40":{"start":{"line":124,"column":21},"end":{"line":null,"column":null}},"41":{"start":{"line":136,"column":7},"end":{"line":null,"column":null}},"42":{"start":{"line":139,"column":11},"end":{"line":null,"column":null}},"43":{"start":{"line":142,"column":16},"end":{"line":null,"column":null}},"44":{"start":{"line":143,"column":21},"end":{"line":null,"column":null}},"45":{"start":{"line":148,"column":13},"end":{"line":null,"column":null}},"46":{"start":{"line":149,"column":24},"end":{"line":null,"column":null}},"47":{"start":{"line":153,"column":19},"end":{"line":null,"column":null}},"48":{"start":{"line":165,"column":7},"end":{"line":null,"column":null}},"49":{"start":{"line":167,"column":11},"end":{"line":null,"column":null}},"50":{"start":{"line":170,"column":16},"end":{"line":null,"column":null}},"51":{"start":{"line":171,"column":21},"end":{"line":null,"column":null}},"52":{"start":{"line":175,"column":17},"end":{"line":null,"column":null}},"53":{"start":{"line":176,"column":21},"end":{"line":null,"column":null}},"54":{"start":{"line":181,"column":15},"end":{"line":null,"column":null}},"55":{"start":{"line":182,"column":28},"end":{"line":null,"column":null}},"56":{"start":{"line":187,"column":21},"end":{"line":null,"column":null}},"57":{"start":{"line":200,"column":10},"end":{"line":null,"column":null}},"58":{"start":{"line":201,"column":8},"end":{"line":null,"column":null}},"59":{"start":{"line":202,"column":13},"end":{"line":null,"column":null}},"60":{"start":{"line":206,"column":8},"end":{"line":null,"column":null}},"61":{"start":{"line":207,"column":10},"end":{"line":null,"column":null}},"62":{"start":{"line":220,"column":10},"end":{"line":null,"column":null}},"63":{"start":{"line":221,"column":10},"end":{"line":null,"column":null}},"64":{"start":{"line":222,"column":10},"end":{"line":null,"column":null}},"65":{"start":{"line":223,"column":11},"end":{"line":null,"column":null}},"66":{"start":{"line":225,"column":14},"end":{"line":null,"column":null}},"67":{"start":{"line":226,"column":21},"end":{"line":null,"column":null}},"68":{"start":{"line":227,"column":12},"end":{"line":null,"column":null}},"69":{"start":{"line":228,"column":17},"end":{"line":null,"column":null}},"70":{"start":{"line":232,"column":12},"end":{"line":null,"column":null}},"71":{"start":{"line":242,"column":15},"end":{"line":null,"column":null}}},"branchMap":{"1":{"line":0,"type":"cond-expr","locations":[{"start":{"line":0,"column":0},"end":{"line":0,"column":0},"skip":true},{"start":{"line":0,"column":0},"end":{"line":0,"column":0},"skip":true}]},"2":{"line":0,"type":"binary-expr","locations":[{"start":{"line":0,"column":0},"end":{"line":0,"column":0},"skip":true},{"start":{"line":0,"column":0},"end":{"line":0,"column":0},"skip":true}]},"3":{"line":16,"type":"if","locations":[{"start":{"line":16,"column":12},"end":{"line":16,"column":12}},{"start":{"line":16,"column":12},"end":{"line":16,"column":12}}]},"4":{"line":44,"type":"if","locations":[{"start":{"line":44,"column":10},"end":{"line":44,"column":10}},{"start":{"line":44,"column":10},"end":{"line":44,"column":10}}]},"5":{"line":44,"type":"binary-expr","locations":[{"start":{"line":44,"column":10},"end":{"line":44,"column":18}},{"start":{"line":44,"column":18},"end":{"line":44,"column":6}}]},"6":{"line":67,"type":"binary-expr","locations":[{"start":{"line":67,"column":18},"end":{"line":67,"column":18}},{"start":{"line":67,"column":37},"end":{"line":67,"column":4}}]},"7":{"line":68,"type":"binary-expr","locations":[{"start":{"line":68,"column":19},"end":{"line":68,"column":19}},{"start":{"line":68,"column":39},"end":{"line":68,"column":4}}]},"8":{"line":81,"type":"if","locations":[{"start":{"line":81,"column":12},"end":{"line":81,"column":12}},{"start":{"line":81,"column":12},"end":{"line":81,"column":12}}]},"9":{"line":112,"type":"if","locations":[{"start":{"line":112,"column":14},"end":{"line":112,"column":14}},{"start":{"line":112,"column":14},"end":{"line":112,"column":14}}]},"10":{"line":117,"type":"if","locations":[{"start":{"line":117,"column":15},"end":{"line":117,"column":15}},{"start":{"line":117,"column":15},"end":{"line":117,"column":15}}]},"11":{"line":117,"type":"binary-expr","locations":[{"start":{"line":117,"column":15},"end":{"line":117,"column":14}},{"start":{"line":117,"column":43},"end":{"line":117,"column":10}}]},"12":{"line":142,"type":"if","locations":[{"start":{"line":142,"column":16},"end":{"line":142,"column":16}},{"start":{"line":142,"column":16},"end":{"line":142,"column":16}}]},"13":{"line":170,"type":"if","locations":[{"start":{"line":170,"column":16},"end":{"line":170,"column":16}},{"start":{"line":170,"column":16},"end":{"line":170,"column":16}}]},"14":{"line":175,"type":"if","locations":[{"start":{"line":175,"column":17},"end":{"line":175,"column":17}},{"start":{"line":175,"column":17},"end":{"line":175,"column":17}}]},"15":{"line":175,"type":"binary-expr","locations":[{"start":{"line":175,"column":17},"end":{"line":175,"column":16}},{"start":{"line":175,"column":45},"end":{"line":175,"column":12}}]},"16":{"line":201,"type":"if","locations":[{"start":{"line":201,"column":8},"end":{"line":201,"column":8}},{"start":{"line":201,"column":8},"end":{"line":201,"column":8}}]},"17":{"line":220,"type":"cond-expr","locations":[{"start":{"line":220,"column":42},"end":{"line":220,"column":18}},{"start":{"line":220,"column":60},"end":{"line":220,"column":4}}]},"18":{"line":221,"type":"cond-expr","locations":[{"start":{"line":221,"column":44},"end":{"line":221,"column":19}},{"start":{"line":221,"column":63},"end":{"line":221,"column":4}}]},"19":{"line":227,"type":"if","locations":[{"start":{"line":227,"column":12},"end":{"line":227,"column":12}},{"start":{"line":227,"column":12},"end":{"line":227,"column":12}}]}}},"/Users/andelaeveloper/Documents/DMS/server/helpers/controllerHelper.js":{"path":"/Users/andelaeveloper/Documents/DMS/server/helpers/controllerHelper.js","s":{"1":1,"2":1,"3":11,"4":11,"5":11,"6":11,"7":0,"8":0,"9":0,"10":1},"b":{"1":[11,0]},"f":{"1":11,"2":0,"3":0,"4":0},"fnMap":{"1":{"name":"pagination","line":8,"loc":{"start":{"line":8,"column":13},"end":{"line":8,"column":24}}},"2":{"name":"getUserAttribute","line":21,"loc":{"start":{"line":21,"column":21},"end":{"line":21,"column":21}}},"3":{"name":"userProfile","line":36,"loc":{"start":{"line":36,"column":14},"end":{"line":36,"column":20}}},"4":{"name":"getDocAttribute","line":52,"loc":{"start":{"line":52,"column":20},"end":{"line":52,"column":20}}}},"statementMap":{"1":{"start":{"line":0,"column":0},"end":{"line":0,"column":0},"skip":true},"2":{"start":{"line":2,"column":0},"end":{"line":null,"column":null}},"3":{"start":{"line":9,"column":10},"end":{"line":null,"column":null}},"4":{"start":{"line":10,"column":10},"end":{"line":null,"column":null}},"5":{"start":{"line":11,"column":10},"end":{"line":null,"column":null}},"6":{"start":{"line":13,"column":11},"end":{"line":null,"column":null}},"7":{"start":{"line":22,"column":11},"end":{"line":null,"column":null}},"8":{"start":{"line":37,"column":11},"end":{"line":null,"column":null}},"9":{"start":{"line":53,"column":11},"end":{"line":null,"column":null}},"10":{"start":{"line":65,"column":15},"end":{"line":null,"column":null}}},"branchMap":{"1":{"line":12,"type":"cond-expr","locations":[{"start":{"line":12,"column":8},"end":{"line":11,"column":21}},{"start":{"line":12,"column":26},"end":{"line":11,"column":4}}]}}},"/Users/andelaeveloper/Documents/DMS/server/routes/DocumentsRoutes.js":{"path":"/Users/andelaeveloper/Documents/DMS/server/routes/DocumentsRoutes.js","s":{"1":1,"2":1,"3":1,"4":1,"5":1,"6":2,"7":1,"8":1,"9":1,"10":1,"11":1,"12":1,"13":1,"14":1},"b":{"1":[2,0],"2":[2,2]},"f":{"1":2,"2":1},"fnMap":{"1":{"name":"_interopRequireDefault","line":0,"loc":{"start":{"line":0,"column":0},"end":{"line":0,"column":0}},"skip":true},"2":{"name":"(anonymous_2)","line":4,"loc":{"start":{"line":4,"column":17},"end":{"line":4,"column":26}}}},"statementMap":{"1":{"start":{"line":1,"column":0},"end":{"line":null,"column":null}},"2":{"start":{"line":0,"column":0},"end":{"line":0,"column":0},"skip":true},"3":{"start":{"line":2,"column":0},"end":{"line":null,"column":null}},"4":{"start":{"line":0,"column":0},"end":{"line":0,"column":0},"skip":true},"5":{"start":{"line":0,"column":0},"end":{"line":0,"column":0},"skip":true},"6":{"start":{"line":0,"column":0},"end":{"line":0,"column":0},"skip":true},"7":{"start":{"line":4,"column":0},"end":{"line":null,"column":null}},"8":{"start":{"line":5,"column":6},"end":{"line":null,"column":null}},"9":{"start":{"line":8,"column":6},"end":{"line":null,"column":null}},"10":{"start":{"line":10,"column":6},"end":{"line":null,"column":null}},"11":{"start":{"line":14,"column":6},"end":{"line":null,"column":null}},"12":{"start":{"line":17,"column":6},"end":{"line":null,"column":null}},"13":{"start":{"line":20,"column":6},"end":{"line":null,"column":null}},"14":{"start":{"line":23,"column":6},"end":{"line":null,"column":null}}},"branchMap":{"1":{"line":0,"type":"cond-expr","locations":[{"start":{"line":0,"column":0},"end":{"line":0,"column":0},"skip":true},{"start":{"line":0,"column":0},"end":{"line":0,"column":0},"skip":true}]},"2":{"line":0,"type":"binary-expr","locations":[{"start":{"line":0,"column":0},"end":{"line":0,"column":0},"skip":true},{"start":{"line":0,"column":0},"end":{"line":0,"column":0},"skip":true}]}}},"/Users/andelaeveloper/Documents/DMS/server/controllers/Document.js":{"path":"/Users/andelaeveloper/Documents/DMS/server/controllers/Document.js","s":{"1":1,"2":1,"3":1,"4":1,"5":1,"6":1,"7":2,"8":1,"9":5,"10":5,"11":0,"12":5,"13":1,"14":6,"15":5,"16":1,"17":6,"18":6,"19":5,"20":1,"21":4,"22":1,"23":3,"24":3,"25":1,"26":2,"27":1,"28":3,"29":3,"30":3,"31":3,"32":3,"33":2,"34":0,"35":2,"36":2,"37":2,"38":0,"39":2,"40":1,"41":6,"42":6,"43":5,"44":1,"45":4,"46":2,"47":2,"48":0,"49":2,"50":2,"51":1,"52":5,"53":4,"54":1,"55":3,"56":1,"57":2,"58":2,"59":1,"60":2,"61":2,"62":2,"63":2,"64":2,"65":2,"66":1,"67":1,"68":1,"69":1,"70":1,"71":1,"72":1,"73":1,"74":1,"75":1,"76":1,"77":1,"78":3,"79":1,"80":1,"81":5,"82":5,"83":5,"84":1,"85":4,"86":4,"87":3,"88":4,"89":4,"90":4,"91":4,"92":4,"93":5,"94":4,"95":4,"96":4,"97":1,"98":3,"99":1},"b":{"1":[1,1],"2":[2,2],"3":[5,0],"4":[1,4],"5":[1,3],"6":[4,2,1],"7":[1,2],"8":[3,1,1],"9":[0,3],"10":[0,3],"11":[0,2],"12":[1,4],"13":[2,2],"14":[4,3],"15":[0,2],"16":[2,0],"17":[1,3],"18":[1,2],"19":[3,1],"20":[0,2],"21":[0,2],"22":[1,1],"23":[0,1],"24":[0,1],"25":[1,4],"26":[3,1],"27":[0,4],"28":[0,4],"29":[1,3]},"f":{"1":2,"2":5,"3":6,"4":5,"5":1,"6":6,"7":6,"8":5,"9":3,"10":1,"11":3,"12":2,"13":0,"14":1,"15":6,"16":6,"17":5,"18":2,"19":1,"20":5,"21":4,"22":2,"23":1,"24":2,"25":2,"26":1,"27":1,"28":3,"29":5,"30":5,"31":4,"32":5},"fnMap":{"1":{"name":"_interopRequireDefault","line":0,"loc":{"start":{"line":0,"column":0},"end":{"line":0,"column":0}},"skip":true},"2":{"name":"_defineProperty","line":1,"loc":{"start":{"line":1,"column":0},"end":{"line":1,"column":0}}},"3":{"name":"create","line":13,"loc":{"start":{"line":13,"column":9},"end":{"line":13,"column":19}}},"4":{"name":"(anonymous_4)","line":20,"loc":{"start":{"line":20,"column":12},"end":{"line":20,"column":26}}},"5":{"name":"(anonymous_5)","line":26,"loc":{"start":{"line":26,"column":13},"end":{"line":null,"column":null}}},"6":{"name":"findDocument","line":36,"loc":{"start":{"line":36,"column":15},"end":{"line":36,"column":25}}},"7":{"name":"(anonymous_7)","line":38,"loc":{"start":{"line":38,"column":12},"end":{"line":38,"column":22}}},"8":{"name":"(anonymous_8)","line":41,"loc":{"start":{"line":41,"column":16},"end":{"line":41,"column":30}}},"9":{"name":"(anonymous_9)","line":52,"loc":{"start":{"line":52,"column":53},"end":{"line":52,"column":63}}},"10":{"name":"(anonymous_10)","line":63,"loc":{"start":{"line":63,"column":17},"end":{"line":null,"column":null}}},"11":{"name":"findUsersDocuments","line":76,"loc":{"start":{"line":76,"column":21},"end":{"line":76,"column":31}}},"12":{"name":"(anonymous_12)","line":82,"loc":{"start":{"line":82,"column":10},"end":{"line":82,"column":25}}},"13":{"name":"(anonymous_13)","line":89,"loc":{"start":{"line":89,"column":27},"end":{"line":null,"column":null}}},"14":{"name":"(anonymous_14)","line":100,"loc":{"start":{"line":100,"column":13},"end":{"line":null,"column":null}}},"15":{"name":"updateDocument","line":110,"loc":{"start":{"line":110,"column":17},"end":{"line":110,"column":27}}},"16":{"name":"(anonymous_16)","line":112,"loc":{"start":{"line":112,"column":12},"end":{"line":112,"column":22}}},"17":{"name":"(anonymous_17)","line":115,"loc":{"start":{"line":115,"column":16},"end":{"line":115,"column":30}}},"18":{"name":"(anonymous_18)","line":133,"loc":{"start":{"line":133,"column":20},"end":{"line":133,"column":40}}},"19":{"name":"(anonymous_19)","line":141,"loc":{"start":{"line":141,"column":15},"end":{"line":null,"column":null}}},"20":{"name":"_delete","line":152,"loc":{"start":{"line":152,"column":9},"end":{"line":152,"column":19}}},"21":{"name":"(anonymous_21)","line":155,"loc":{"start":{"line":155,"column":16},"end":{"line":155,"column":30}}},"22":{"name":"(anonymous_22)","line":169,"loc":{"start":{"line":169,"column":18},"end":{"line":null,"column":null}}},"23":{"name":"(anonymous_23)","line":173,"loc":{"start":{"line":173,"column":13},"end":{"line":null,"column":null}}},"24":{"name":"findAllDocument","line":183,"loc":{"start":{"line":183,"column":18},"end":{"line":183,"column":28}}},"25":{"name":"(anonymous_25)","line":185,"loc":{"start":{"line":185,"column":12},"end":{"line":185,"column":22}}},"26":{"name":"(anonymous_26)","line":193,"loc":{"start":{"line":193,"column":18},"end":{"line":193,"column":33}}},"27":{"name":"(anonymous_27)","line":223,"loc":{"start":{"line":223,"column":18},"end":{"line":223,"column":33}}},"28":{"name":"(anonymous_28)","line":229,"loc":{"start":{"line":229,"column":35},"end":{"line":null,"column":null}}},"29":{"name":"search","line":256,"loc":{"start":{"line":256,"column":9},"end":{"line":256,"column":19}}},"30":{"name":"(anonymous_30)","line":259,"loc":{"start":{"line":259,"column":12},"end":{"line":259,"column":22}}},"31":{"name":"(anonymous_31)","line":324,"loc":{"start":{"line":324,"column":16},"end":{"line":324,"column":31}}},"32":{"name":"(anonymous_32)","line":326,"loc":{"start":{"line":326,"column":34},"end":{"line":null,"column":null}}}},"statementMap":{"1":{"start":{"line":0,"column":0},"end":{"line":0,"column":0},"skip":true},"2":{"start":{"line":2,"column":0},"end":{"line":null,"column":null}},"3":{"start":{"line":0,"column":0},"end":{"line":0,"column":0},"skip":true},"4":{"start":{"line":3,"column":0},"end":{"line":null,"column":null}},"5":{"start":{"line":0,"column":0},"end":{"line":0,"column":0},"skip":true},"6":{"start":{"line":0,"column":0},"end":{"line":0,"column":0},"skip":true},"7":{"start":{"line":0,"column":0},"end":{"line":0,"column":0},"skip":true},"8":{"start":{"line":1,"column":0},"end":{"line":1,"column":0}},"9":{"start":{"line":1,"column":0},"end":{"line":1,"column":0}},"10":{"start":{"line":1,"column":0},"end":{"line":1,"column":0}},"11":{"start":{"line":1,"column":0},"end":{"line":1,"column":0}},"12":{"start":{"line":1,"column":0},"end":{"line":1,"column":0}},"13":{"start":{"line":6,"column":0},"end":{"line":null,"column":null}},"14":{"start":{"line":14,"column":7},"end":{"line":null,"column":null}},"15":{"start":{"line":21,"column":12},"end":{"line":null,"column":null}},"16":{"start":{"line":26,"column":19},"end":{"line":null,"column":null}},"17":{"start":{"line":37,"column":7},"end":{"line":null,"column":null}},"18":{"start":{"line":39,"column":11},"end":{"line":null,"column":null}},"19":{"start":{"line":42,"column":16},"end":{"line":null,"column":null}},"20":{"start":{"line":43,"column":21},"end":{"line":null,"column":null}},"21":{"start":{"line":47,"column":17},"end":{"line":null,"column":null}},"22":{"start":{"line":49,"column":21},"end":{"line":null,"column":null}},"23":{"start":{"line":52,"column":15},"end":{"line":null,"column":null}},"24":{"start":{"line":53,"column":19},"end":{"line":null,"column":null}},"25":{"start":{"line":55,"column":23},"end":{"line":null,"column":null}},"26":{"start":{"line":58,"column":18},"end":{"line":null,"column":null}},"27":{"start":{"line":63,"column":23},"end":{"line":null,"column":null}},"28":{"start":{"line":77,"column":10},"end":{"line":null,"column":null}},"29":{"start":{"line":78,"column":10},"end":{"line":null,"column":null}},"30":{"start":{"line":79,"column":10},"end":{"line":null,"column":null}},"31":{"start":{"line":80,"column":10},"end":{"line":null,"column":null}},"32":{"start":{"line":81,"column":7},"end":{"line":null,"column":null}},"33":{"start":{"line":83,"column":10},"end":{"line":null,"column":null}},"34":{"start":{"line":84,"column":15},"end":{"line":null,"column":null}},"35":{"start":{"line":86,"column":12},"end":{"line":null,"column":null}},"36":{"start":{"line":87,"column":12},"end":{"line":null,"column":null}},"37":{"start":{"line":88,"column":12},"end":{"line":null,"column":null}},"38":{"start":{"line":89,"column":34},"end":{"line":null,"column":null}},"39":{"start":{"line":99,"column":10},"end":{"line":null,"column":null}},"40":{"start":{"line":100,"column":19},"end":{"line":null,"column":null}},"41":{"start":{"line":111,"column":7},"end":{"line":null,"column":null}},"42":{"start":{"line":113,"column":11},"end":{"line":null,"column":null}},"43":{"start":{"line":116,"column":16},"end":{"line":null,"column":null}},"44":{"start":{"line":117,"column":21},"end":{"line":null,"column":null}},"45":{"start":{"line":121,"column":16},"end":{"line":null,"column":null}},"46":{"start":{"line":123,"column":21},"end":{"line":null,"column":null}},"47":{"start":{"line":126,"column":16},"end":{"line":null,"column":null}},"48":{"start":{"line":127,"column":21},"end":{"line":null,"column":null}},"49":{"start":{"line":132,"column":15},"end":{"line":null,"column":null}},"50":{"start":{"line":134,"column":20},"end":{"line":null,"column":null}},"51":{"start":{"line":141,"column":21},"end":{"line":null,"column":null}},"52":{"start":{"line":153,"column":7},"end":{"line":null,"column":null}},"53":{"start":{"line":156,"column":16},"end":{"line":null,"column":null}},"54":{"start":{"line":157,"column":21},"end":{"line":null,"column":null}},"55":{"start":{"line":161,"column":17},"end":{"line":null,"column":null}},"56":{"start":{"line":163,"column":21},"end":{"line":null,"column":null}},"57":{"start":{"line":168,"column":13},"end":{"line":null,"column":null}},"58":{"start":{"line":169,"column":24},"end":{"line":null,"column":null}},"59":{"start":{"line":173,"column":19},"end":{"line":null,"column":null}},"60":{"start":{"line":184,"column":7},"end":{"line":null,"column":null}},"61":{"start":{"line":186,"column":14},"end":{"line":null,"column":null}},"62":{"start":{"line":187,"column":14},"end":{"line":null,"column":null}},"63":{"start":{"line":188,"column":14},"end":{"line":null,"column":null}},"64":{"start":{"line":189,"column":14},"end":{"line":null,"column":null}},"65":{"start":{"line":190,"column":12},"end":{"line":null,"column":null}},"66":{"start":{"line":191,"column":13},"end":{"line":null,"column":null}},"67":{"start":{"line":194,"column":20},"end":{"line":null,"column":null}},"68":{"start":{"line":195,"column":20},"end":{"line":null,"column":null}},"69":{"start":{"line":196,"column":21},"end":{"line":null,"column":null}},"70":{"start":{"line":201,"column":16},"end":{"line":null,"column":null}},"71":{"start":{"line":216,"column":16},"end":{"line":null,"column":null}},"72":{"start":{"line":221,"column":13},"end":{"line":null,"column":null}},"73":{"start":{"line":224,"column":20},"end":{"line":null,"column":null}},"74":{"start":{"line":225,"column":20},"end":{"line":null,"column":null}},"75":{"start":{"line":226,"column":20},"end":{"line":null,"column":null}},"76":{"start":{"line":227,"column":20},"end":{"line":null,"column":null}},"77":{"start":{"line":228,"column":20},"end":{"line":null,"column":null}},"78":{"start":{"line":229,"column":42},"end":{"line":null,"column":null}},"79":{"start":{"line":239,"column":20},"end":{"line":null,"column":null}},"80":{"start":{"line":240,"column":18},"end":{"line":null,"column":null}},"81":{"start":{"line":257,"column":10},"end":{"line":null,"column":null}},"82":{"start":{"line":258,"column":7},"end":{"line":null,"column":null}},"83":{"start":{"line":260,"column":12},"end":{"line":null,"column":null}},"84":{"start":{"line":261,"column":17},"end":{"line":null,"column":null}},"85":{"start":{"line":266,"column":12},"end":{"line":null,"column":null}},"86":{"start":{"line":304,"column":12},"end":{"line":null,"column":null}},"87":{"start":{"line":305,"column":18},"end":{"line":null,"column":null}},"88":{"start":{"line":319,"column":14},"end":{"line":null,"column":null}},"89":{"start":{"line":320,"column":14},"end":{"line":null,"column":null}},"90":{"start":{"line":321,"column":14},"end":{"line":null,"column":null}},"91":{"start":{"line":322,"column":11},"end":{"line":null,"column":null}},"92":{"start":{"line":325,"column":18},"end":{"line":null,"column":null}},"93":{"start":{"line":326,"column":41},"end":{"line":null,"column":null}},"94":{"start":{"line":335,"column":18},"end":{"line":null,"column":null}},"95":{"start":{"line":336,"column":18},"end":{"line":null,"column":null}},"96":{"start":{"line":337,"column":16},"end":{"line":null,"column":null}},"97":{"start":{"line":338,"column":21},"end":{"line":null,"column":null}},"98":{"start":{"line":342,"column":16},"end":{"line":null,"column":null}},"99":{"start":{"line":350,"column":15},"end":{"line":null,"column":null}}},"branchMap":{"1":{"line":0,"type":"cond-expr","locations":[{"start":{"line":0,"column":0},"end":{"line":0,"column":0},"skip":true},{"start":{"line":0,"column":0},"end":{"line":0,"column":0},"skip":true}]},"2":{"line":0,"type":"binary-expr","locations":[{"start":{"line":0,"column":0},"end":{"line":0,"column":0},"skip":true},{"start":{"line":0,"column":0},"end":{"line":0,"column":0},"skip":true}]},"3":{"line":1,"type":"if","locations":[{"start":{"line":1,"column":0},"end":{"line":1,"column":0}},{"start":{"line":1,"column":0},"end":{"line":1,"column":0}}]},"4":{"line":42,"type":"if","locations":[{"start":{"line":42,"column":16},"end":{"line":42,"column":16}},{"start":{"line":42,"column":16},"end":{"line":42,"column":16}}]},"5":{"line":47,"type":"if","locations":[{"start":{"line":47,"column":17},"end":{"line":47,"column":17}},{"start":{"line":47,"column":17},"end":{"line":47,"column":17}}]},"6":{"line":47,"type":"binary-expr","locations":[{"start":{"line":47,"column":17},"end":{"line":47,"column":16}},{"start":{"line":47,"column":45},"end":{"line":47,"column":16}},{"start":{"line":48,"column":13},"end":{"line":47,"column":12}}]},"7":{"line":53,"type":"if","locations":[{"start":{"line":53,"column":19},"end":{"line":53,"column":19}},{"start":{"line":53,"column":19},"end":{"line":53,"column":19}}]},"8":{"line":53,"type":"binary-expr","locations":[{"start":{"line":53,"column":19},"end":{"line":53,"column":18}},{"start":{"line":53,"column":47},"end":{"line":53,"column":18}},{"start":{"line":54,"column":15},"end":{"line":53,"column":14}}]},"9":{"line":78,"type":"cond-expr","locations":[{"start":{"line":78,"column":42},"end":{"line":78,"column":18}},{"start":{"line":78,"column":60},"end":{"line":78,"column":4}}]},"10":{"line":79,"type":"cond-expr","locations":[{"start":{"line":79,"column":44},"end":{"line":79,"column":19}},{"start":{"line":79,"column":63},"end":{"line":79,"column":4}}]},"11":{"line":83,"type":"if","locations":[{"start":{"line":83,"column":10},"end":{"line":83,"column":10}},{"start":{"line":83,"column":10},"end":{"line":83,"column":10}}]},"12":{"line":116,"type":"if","locations":[{"start":{"line":116,"column":16},"end":{"line":116,"column":16}},{"start":{"line":116,"column":16},"end":{"line":116,"column":16}}]},"13":{"line":121,"type":"if","locations":[{"start":{"line":121,"column":16},"end":{"line":121,"column":16}},{"start":{"line":121,"column":16},"end":{"line":121,"column":16}}]},"14":{"line":121,"type":"binary-expr","locations":[{"start":{"line":121,"column":16},"end":{"line":121,"column":16}},{"start":{"line":122,"column":27},"end":{"line":121,"column":12}}]},"15":{"line":126,"type":"if","locations":[{"start":{"line":126,"column":16},"end":{"line":126,"column":16}},{"start":{"line":126,"column":16},"end":{"line":126,"column":16}}]},"16":{"line":126,"type":"binary-expr","locations":[{"start":{"line":126,"column":16},"end":{"line":126,"column":16}},{"start":{"line":126,"column":36},"end":{"line":126,"column":12}}]},"17":{"line":156,"type":"if","locations":[{"start":{"line":156,"column":16},"end":{"line":156,"column":16}},{"start":{"line":156,"column":16},"end":{"line":156,"column":16}}]},"18":{"line":161,"type":"if","locations":[{"start":{"line":161,"column":17},"end":{"line":161,"column":17}},{"start":{"line":161,"column":17},"end":{"line":161,"column":17}}]},"19":{"line":161,"type":"binary-expr","locations":[{"start":{"line":161,"column":17},"end":{"line":161,"column":16}},{"start":{"line":162,"column":16},"end":{"line":161,"column":12}}]},"20":{"line":187,"type":"cond-expr","locations":[{"start":{"line":187,"column":46},"end":{"line":187,"column":22}},{"start":{"line":187,"column":64},"end":{"line":187,"column":8}}]},"21":{"line":188,"type":"cond-expr","locations":[{"start":{"line":188,"column":48},"end":{"line":188,"column":23}},{"start":{"line":188,"column":67},"end":{"line":188,"column":8}}]},"22":{"line":190,"type":"if","locations":[{"start":{"line":190,"column":12},"end":{"line":190,"column":12}},{"start":{"line":190,"column":12},"end":{"line":190,"column":12}}]},"23":{"line":225,"type":"cond-expr","locations":[{"start":{"line":225,"column":52},"end":{"line":225,"column":28}},{"start":{"line":225,"column":70},"end":{"line":225,"column":14}}]},"24":{"line":226,"type":"cond-expr","locations":[{"start":{"line":226,"column":54},"end":{"line":226,"column":29}},{"start":{"line":226,"column":73},"end":{"line":226,"column":14}}]},"25":{"line":260,"type":"if","locations":[{"start":{"line":260,"column":12},"end":{"line":260,"column":12}},{"start":{"line":260,"column":12},"end":{"line":260,"column":12}}]},"26":{"line":304,"type":"if","locations":[{"start":{"line":304,"column":12},"end":{"line":304,"column":12}},{"start":{"line":304,"column":12},"end":{"line":304,"column":12}}]},"27":{"line":319,"type":"cond-expr","locations":[{"start":{"line":319,"column":46},"end":{"line":319,"column":22}},{"start":{"line":319,"column":64},"end":{"line":319,"column":8}}]},"28":{"line":320,"type":"cond-expr","locations":[{"start":{"line":320,"column":48},"end":{"line":320,"column":23}},{"start":{"line":320,"column":67},"end":{"line":320,"column":8}}]},"29":{"line":337,"type":"if","locations":[{"start":{"line":337,"column":16},"end":{"line":337,"column":16}},{"start":{"line":337,"column":16},"end":{"line":337,"column":16}}]}}},"/Users/andelaeveloper/Documents/DMS/server/routes/RolesRoutes.js":{"path":"/Users/andelaeveloper/Documents/DMS/server/routes/RolesRoutes.js","s":{"1":1,"2":1,"3":1,"4":1,"5":1,"6":2,"7":1,"8":1,"9":1,"10":1,"11":1,"12":1},"b":{"1":[2,0],"2":[2,2]},"f":{"1":2,"2":1},"fnMap":{"1":{"name":"_interopRequireDefault","line":0,"loc":{"start":{"line":0,"column":0},"end":{"line":0,"column":0}},"skip":true},"2":{"name":"(anonymous_2)","line":17,"loc":{"start":{"line":17,"column":17},"end":{"line":17,"column":26}}}},"statementMap":{"1":{"start":{"line":1,"column":0},"end":{"line":null,"column":null}},"2":{"start":{"line":0,"column":0},"end":{"line":0,"column":0},"skip":true},"3":{"start":{"line":2,"column":0},"end":{"line":null,"column":null}},"4":{"start":{"line":0,"column":0},"end":{"line":0,"column":0},"skip":true},"5":{"start":{"line":0,"column":0},"end":{"line":0,"column":0},"skip":true},"6":{"start":{"line":0,"column":0},"end":{"line":0,"column":0},"skip":true},"7":{"start":{"line":17,"column":0},"end":{"line":null,"column":null}},"8":{"start":{"line":18,"column":6},"end":{"line":null,"column":null}},"9":{"start":{"line":20,"column":6},"end":{"line":null,"column":null}},"10":{"start":{"line":22,"column":6},"end":{"line":null,"column":null}},"11":{"start":{"line":24,"column":6},"end":{"line":null,"column":null}},"12":{"start":{"line":26,"column":6},"end":{"line":null,"column":null}}},"branchMap":{"1":{"line":0,"type":"cond-expr","locations":[{"start":{"line":0,"column":0},"end":{"line":0,"column":0},"skip":true},{"start":{"line":0,"column":0},"end":{"line":0,"column":0},"skip":true}]},"2":{"line":0,"type":"binary-expr","locations":[{"start":{"line":0,"column":0},"end":{"line":0,"column":0},"skip":true},{"start":{"line":0,"column":0},"end":{"line":0,"column":0},"skip":true}]}}},"/Users/andelaeveloper/Documents/DMS/server/controllers/Role.js":{"path":"/Users/andelaeveloper/Documents/DMS/server/controllers/Role.js","s":{"1":1,"2":1,"3":1,"4":1,"5":1,"6":1,"7":1,"8":1,"9":1,"10":0,"11":0,"12":0,"13":1,"14":1,"15":3,"16":2,"17":1,"18":1,"19":1,"20":4,"21":3,"22":1,"23":2,"24":2,"25":0,"26":0,"27":1,"28":4,"29":4,"30":2,"31":2,"32":1,"33":1,"34":0,"35":0,"36":0,"37":0,"38":1,"39":1},"b":{"1":[0,1],"2":[1,1],"3":[1,0],"4":[1,1],"5":[1,2],"6":[2,0],"7":[2,1],"8":[2,2],"9":[1,0],"10":[0,0],"11":[0,0]},"f":{"1":1,"2":1,"3":1,"4":0,"5":0,"6":1,"7":1,"8":3,"9":2,"10":1,"11":4,"12":3,"13":0,"14":1,"15":4,"16":4,"17":1,"18":0,"19":1},"fnMap":{"1":{"name":"_interopRequireDefault","line":0,"loc":{"start":{"line":0,"column":0},"end":{"line":0,"column":0}},"skip":true},"2":{"name":"createRole","line":10,"loc":{"start":{"line":10,"column":13},"end":{"line":10,"column":23}}},"3":{"name":"(anonymous_3)","line":12,"loc":{"start":{"line":12,"column":10},"end":{"line":12,"column":25}}},"4":{"name":"(anonymous_4)","line":21,"loc":{"start":{"line":21,"column":12},"end":{"line":null,"column":null}}},"5":{"name":"(anonymous_5)","line":22,"loc":{"start":{"line":22,"column":13},"end":{"line":null,"column":null}}},"6":{"name":"getRoles","line":33,"loc":{"start":{"line":33,"column":11},"end":{"line":33,"column":21}}},"7":{"name":"(anonymous_7)","line":35,"loc":{"start":{"line":35,"column":10},"end":{"line":35,"column":21}}},"8":{"name":"getRolesById","line":46,"loc":{"start":{"line":46,"column":15},"end":{"line":46,"column":25}}},"9":{"name":"(anonymous_9)","line":49,"loc":{"start":{"line":49,"column":12},"end":{"line":49,"column":22}}},"10":{"name":"(anonymous_10)","line":57,"loc":{"start":{"line":57,"column":13},"end":{"line":null,"column":null}}},"11":{"name":"deleteRole","line":68,"loc":{"start":{"line":68,"column":13},"end":{"line":68,"column":23}}},"12":{"name":"(anonymous_12)","line":71,"loc":{"start":{"line":71,"column":12},"end":{"line":71,"column":22}}},"13":{"name":"(anonymous_13)","line":84,"loc":{"start":{"line":84,"column":16},"end":{"line":null,"column":null}}},"14":{"name":"(anonymous_14)","line":88,"loc":{"start":{"line":88,"column":13},"end":{"line":null,"column":null}}},"15":{"name":"updateRole","line":99,"loc":{"start":{"line":99,"column":13},"end":{"line":99,"column":23}}},"16":{"name":"(anonymous_16)","line":101,"loc":{"start":{"line":101,"column":10},"end":{"line":101,"column":25}}},"17":{"name":"(anonymous_17)","line":108,"loc":{"start":{"line":108,"column":12},"end":{"line":108,"column":22}}},"18":{"name":"(anonymous_18)","line":123,"loc":{"start":{"line":123,"column":16},"end":{"line":null,"column":null}}},"19":{"name":"(anonymous_19)","line":127,"loc":{"start":{"line":127,"column":13},"end":{"line":null,"column":null}}}},"statementMap":{"1":{"start":{"line":0,"column":0},"end":{"line":0,"column":0},"skip":true},"2":{"start":{"line":1,"column":0},"end":{"line":null,"column":null}},"3":{"start":{"line":0,"column":0},"end":{"line":0,"column":0},"skip":true},"4":{"start":{"line":0,"column":0},"end":{"line":0,"column":0},"skip":true},"5":{"start":{"line":0,"column":0},"end":{"line":0,"column":0},"skip":true},"6":{"start":{"line":3,"column":0},"end":{"line":null,"column":null}},"7":{"start":{"line":11,"column":7},"end":{"line":null,"column":null}},"8":{"start":{"line":13,"column":10},"end":{"line":null,"column":null}},"9":{"start":{"line":14,"column":15},"end":{"line":null,"column":null}},"10":{"start":{"line":18,"column":9},"end":{"line":null,"column":null}},"11":{"start":{"line":21,"column":20},"end":{"line":null,"column":null}},"12":{"start":{"line":22,"column":20},"end":{"line":null,"column":null}},"13":{"start":{"line":34,"column":7},"end":{"line":null,"column":null}},"14":{"start":{"line":36,"column":10},"end":{"line":null,"column":null}},"15":{"start":{"line":47,"column":7},"end":{"line":null,"column":null}},"16":{"start":{"line":50,"column":12},"end":{"line":null,"column":null}},"17":{"start":{"line":51,"column":17},"end":{"line":null,"column":null}},"18":{"start":{"line":55,"column":12},"end":{"line":null,"column":null}},"19":{"start":{"line":57,"column":19},"end":{"line":null,"column":null}},"20":{"start":{"line":69,"column":7},"end":{"line":null,"column":null}},"21":{"start":{"line":72,"column":12},"end":{"line":null,"column":null}},"22":{"start":{"line":73,"column":17},"end":{"line":null,"column":null}},"23":{"start":{"line":77,"column":12},"end":{"line":null,"column":null}},"24":{"start":{"line":78,"column":17},"end":{"line":null,"column":null}},"25":{"start":{"line":83,"column":11},"end":{"line":null,"column":null}},"26":{"start":{"line":84,"column":22},"end":{"line":null,"column":null}},"27":{"start":{"line":88,"column":19},"end":{"line":null,"column":null}},"28":{"start":{"line":100,"column":7},"end":{"line":null,"column":null}},"29":{"start":{"line":102,"column":10},"end":{"line":null,"column":null}},"30":{"start":{"line":103,"column":15},"end":{"line":null,"column":null}},"31":{"start":{"line":107,"column":9},"end":{"line":null,"column":null}},"32":{"start":{"line":109,"column":12},"end":{"line":null,"column":null}},"33":{"start":{"line":110,"column":17},"end":{"line":null,"column":null}},"34":{"start":{"line":114,"column":12},"end":{"line":null,"column":null}},"35":{"start":{"line":115,"column":17},"end":{"line":null,"column":null}},"36":{"start":{"line":120,"column":11},"end":{"line":null,"column":null}},"37":{"start":{"line":123,"column":31},"end":{"line":null,"column":null}},"38":{"start":{"line":127,"column":19},"end":{"line":null,"column":null}},"39":{"start":{"line":133,"column":15},"end":{"line":null,"column":null}}},"branchMap":{"1":{"line":0,"type":"cond-expr","locations":[{"start":{"line":0,"column":0},"end":{"line":0,"column":0},"skip":true},{"start":{"line":0,"column":0},"end":{"line":0,"column":0},"skip":true}]},"2":{"line":0,"type":"binary-expr","locations":[{"start":{"line":0,"column":0},"end":{"line":0,"column":0},"skip":true},{"start":{"line":0,"column":0},"end":{"line":0,"column":0},"skip":true}]},"3":{"line":13,"type":"if","locations":[{"start":{"line":13,"column":10},"end":{"line":13,"column":10}},{"start":{"line":13,"column":10},"end":{"line":13,"column":10}}]},"4":{"line":50,"type":"if","locations":[{"start":{"line":50,"column":12},"end":{"line":50,"column":12}},{"start":{"line":50,"column":12},"end":{"line":50,"column":12}}]},"5":{"line":72,"type":"if","locations":[{"start":{"line":72,"column":12},"end":{"line":72,"column":12}},{"start":{"line":72,"column":12},"end":{"line":72,"column":12}}]},"6":{"line":77,"type":"if","locations":[{"start":{"line":77,"column":12},"end":{"line":77,"column":12}},{"start":{"line":77,"column":12},"end":{"line":77,"column":12}}]},"7":{"line":77,"type":"binary-expr","locations":[{"start":{"line":77,"column":12},"end":{"line":77,"column":12}},{"start":{"line":77,"column":40},"end":{"line":77,"column":8}}]},"8":{"line":102,"type":"if","locations":[{"start":{"line":102,"column":10},"end":{"line":102,"column":10}},{"start":{"line":102,"column":10},"end":{"line":102,"column":10}}]},"9":{"line":109,"type":"if","locations":[{"start":{"line":109,"column":12},"end":{"line":109,"column":12}},{"start":{"line":109,"column":12},"end":{"line":109,"column":12}}]},"10":{"line":114,"type":"if","locations":[{"start":{"line":114,"column":12},"end":{"line":114,"column":12}},{"start":{"line":114,"column":12},"end":{"line":114,"column":12}}]},"11":{"line":114,"type":"binary-expr","locations":[{"start":{"line":114,"column":12},"end":{"line":114,"column":12}},{"start":{"line":114,"column":40},"end":{"line":114,"column":8}}]}}}}