{"/Users/andelaeveloper/Documents/DMS/test-server.js":{"path":"/Users/andelaeveloper/Documents/DMS/test-server.js","s":{"1":1,"2":1,"3":1,"4":1,"5":1,"6":1,"7":1,"8":3,"9":1,"10":1,"11":1,"12":1,"13":1,"14":1,"15":1,"16":1,"17":1},"b":{"1":[0,3],"2":[3,3]},"f":{"1":3,"2":1},"fnMap":{"1":{"name":"_interopRequireDefault","line":0,"loc":{"start":{"line":0,"column":0},"end":{"line":0,"column":0}},"skip":true},"2":{"name":"(anonymous_2)","line":18,"loc":{"start":{"line":18,"column":36},"end":{"line":18,"column":42}}}},"statementMap":{"1":{"start":{"line":2,"column":0},"end":{"line":null,"column":null}},"2":{"start":{"line":0,"column":0},"end":{"line":0,"column":0},"skip":true},"3":{"start":{"line":3,"column":0},"end":{"line":null,"column":null}},"4":{"start":{"line":0,"column":0},"end":{"line":0,"column":0},"skip":true},"5":{"start":{"line":4,"column":0},"end":{"line":null,"column":null}},"6":{"start":{"line":0,"column":0},"end":{"line":0,"column":0},"skip":true},"7":{"start":{"line":0,"column":0},"end":{"line":0,"column":0},"skip":true},"8":{"start":{"line":0,"column":0},"end":{"line":0,"column":0},"skip":true},"9":{"start":{"line":7,"column":0},"end":{"line":null,"column":null}},"10":{"start":{"line":9,"column":0},"end":{"line":null,"column":null}},"11":{"start":{"line":10,"column":0},"end":{"line":null,"column":null}},"12":{"start":{"line":14,"column":0},"end":{"line":null,"column":null}},"13":{"start":{"line":15,"column":0},"end":{"line":null,"column":null}},"14":{"start":{"line":16,"column":0},"end":{"line":null,"column":null}},"15":{"start":{"line":18,"column":0},"end":{"line":null,"column":null}},"16":{"start":{"line":19,"column":10},"end":{"line":null,"column":null}},"17":{"start":{"line":22,"column":0},"end":{"line":null,"column":null}}},"branchMap":{"1":{"line":0,"type":"cond-expr","locations":[{"start":{"line":0,"column":0},"end":{"line":0,"column":0},"skip":true},{"start":{"line":0,"column":0},"end":{"line":0,"column":0},"skip":true}]},"2":{"line":0,"type":"binary-expr","locations":[{"start":{"line":0,"column":0},"end":{"line":0,"column":0},"skip":true},{"start":{"line":0,"column":0},"end":{"line":0,"column":0},"skip":true}]}}},"/Users/andelaeveloper/Documents/DMS/server/routes/UsersRoutes.js":{"path":"/Users/andelaeveloper/Documents/DMS/server/routes/UsersRoutes.js","s":{"1":1,"2":1,"3":1,"4":1,"5":1,"6":2,"7":1,"8":1,"9":1,"10":1,"11":1,"12":1,"13":1,"14":1,"15":1,"16":1},"b":{"1":[2,0],"2":[2,2]},"f":{"1":2,"2":1},"fnMap":{"1":{"name":"_interopRequireDefault","line":0,"loc":{"start":{"line":0,"column":0},"end":{"line":0,"column":0}},"skip":true},"2":{"name":"(anonymous_2)","line":4,"loc":{"start":{"line":4,"column":17},"end":{"line":4,"column":26}}}},"statementMap":{"1":{"start":{"line":1,"column":0},"end":{"line":null,"column":null}},"2":{"start":{"line":0,"column":0},"end":{"line":0,"column":0},"skip":true},"3":{"start":{"line":2,"column":0},"end":{"line":null,"column":null}},"4":{"start":{"line":0,"column":0},"end":{"line":0,"column":0},"skip":true},"5":{"start":{"line":0,"column":0},"end":{"line":0,"column":0},"skip":true},"6":{"start":{"line":0,"column":0},"end":{"line":0,"column":0},"skip":true},"7":{"start":{"line":4,"column":0},"end":{"line":null,"column":null}},"8":{"start":{"line":5,"column":6},"end":{"line":null,"column":null}},"9":{"start":{"line":7,"column":6},"end":{"line":null,"column":null}},"10":{"start":{"line":9,"column":6},"end":{"line":null,"column":null}},"11":{"start":{"line":11,"column":6},"end":{"line":null,"column":null}},"12":{"start":{"line":13,"column":6},"end":{"line":null,"column":null}},"13":{"start":{"line":15,"column":6},"end":{"line":null,"column":null}},"14":{"start":{"line":17,"column":6},"end":{"line":null,"column":null}},"15":{"start":{"line":19,"column":6},"end":{"line":null,"column":null}},"16":{"start":{"line":21,"column":6},"end":{"line":null,"column":null}}},"branchMap":{"1":{"line":0,"type":"cond-expr","locations":[{"start":{"line":0,"column":0},"end":{"line":0,"column":0},"skip":true},{"start":{"line":0,"column":0},"end":{"line":0,"column":0},"skip":true}]},"2":{"line":0,"type":"binary-expr","locations":[{"start":{"line":0,"column":0},"end":{"line":0,"column":0},"skip":true},{"start":{"line":0,"column":0},"end":{"line":0,"column":0},"skip":true}]}}},"/Users/andelaeveloper/Documents/DMS/server/middlewares/Auth.js":{"path":"/Users/andelaeveloper/Documents/DMS/server/middlewares/Auth.js","s":{"1":1,"2":1,"3":1,"4":1,"5":1,"6":1,"7":1,"8":1,"9":3,"10":1,"11":1,"12":1,"13":11,"14":11,"15":71,"16":71,"17":2,"18":69,"19":69,"20":0,"21":69,"22":69,"23":22,"24":22,"25":16,"26":6,"27":1},"b":{"1":[0,3],"2":[3,3],"3":[71,2],"4":[2,69],"5":[0,69],"6":[16,6]},"f":{"1":3,"2":11,"3":71,"4":69,"5":22,"6":22},"fnMap":{"1":{"name":"_interopRequireDefault","line":0,"loc":{"start":{"line":0,"column":0},"end":{"line":0,"column":0}},"skip":true},"2":{"name":"getToken","line":13,"loc":{"start":{"line":13,"column":11},"end":{"line":13,"column":17}}},"3":{"name":"verifyToken","line":29,"loc":{"start":{"line":29,"column":14},"end":{"line":29,"column":30}}},"4":{"name":"(anonymous_4)","line":34,"loc":{"start":{"line":34,"column":30},"end":{"line":34,"column":48}}},"5":{"name":"verifyAdmin","line":50,"loc":{"start":{"line":50,"column":14},"end":{"line":50,"column":30}}},"6":{"name":"(anonymous_6)","line":52,"loc":{"start":{"line":52,"column":13},"end":{"line":52,"column":23}}}},"statementMap":{"1":{"start":{"line":0,"column":0},"end":{"line":0,"column":0},"skip":true},"2":{"start":{"line":1,"column":0},"end":{"line":null,"column":null}},"3":{"start":{"line":0,"column":0},"end":{"line":0,"column":0},"skip":true},"4":{"start":{"line":2,"column":0},"end":{"line":null,"column":null}},"5":{"start":{"line":0,"column":0},"end":{"line":0,"column":0},"skip":true},"6":{"start":{"line":3,"column":0},"end":{"line":null,"column":null}},"7":{"start":{"line":0,"column":0},"end":{"line":0,"column":0},"skip":true},"8":{"start":{"line":0,"column":0},"end":{"line":0,"column":0},"skip":true},"9":{"start":{"line":0,"column":0},"end":{"line":0,"column":0},"skip":true},"10":{"start":{"line":5,"column":0},"end":{"line":null,"column":null}},"11":{"start":{"line":6,"column":0},"end":{"line":null,"column":null}},"12":{"start":{"line":7,"column":0},"end":{"line":null,"column":null}},"13":{"start":{"line":14,"column":10},"end":{"line":null,"column":null}},"14":{"start":{"line":20,"column":11},"end":{"line":null,"column":null}},"15":{"start":{"line":30,"column":10},"end":{"line":null,"column":null}},"16":{"start":{"line":31,"column":8},"end":{"line":null,"column":null}},"17":{"start":{"line":32,"column":13},"end":{"line":null,"column":null}},"18":{"start":{"line":34,"column":8},"end":{"line":null,"column":null}},"19":{"start":{"line":35,"column":10},"end":{"line":null,"column":null}},"20":{"start":{"line":36,"column":15},"end":{"line":null,"column":null}},"21":{"start":{"line":38,"column":10},"end":{"line":null,"column":null}},"22":{"start":{"line":0,"column":0},"end":{"line":0,"column":0},"skip":true},"23":{"start":{"line":51,"column":7},"end":{"line":null,"column":null}},"24":{"start":{"line":53,"column":13},"end":{"line":null,"column":null}},"25":{"start":{"line":0,"column":0},"end":{"line":0,"column":0},"skip":true},"26":{"start":{"line":56,"column":18},"end":{"line":null,"column":null}},"27":{"start":{"line":64,"column":15},"end":{"line":null,"column":null}}},"branchMap":{"1":{"line":0,"type":"cond-expr","locations":[{"start":{"line":0,"column":0},"end":{"line":0,"column":0},"skip":true},{"start":{"line":0,"column":0},"end":{"line":0,"column":0},"skip":true}]},"2":{"line":0,"type":"binary-expr","locations":[{"start":{"line":0,"column":0},"end":{"line":0,"column":0},"skip":true},{"start":{"line":0,"column":0},"end":{"line":0,"column":0},"skip":true}]},"3":{"line":30,"type":"binary-expr","locations":[{"start":{"line":30,"column":18},"end":{"line":30,"column":18}},{"start":{"line":30,"column":47},"end":{"line":30,"column":4}}]},"4":{"line":31,"type":"if","locations":[{"start":{"line":31,"column":8},"end":{"line":31,"column":8}},{"start":{"line":31,"column":8},"end":{"line":31,"column":8}}]},"5":{"line":35,"type":"if","locations":[{"start":{"line":35,"column":10},"end":{"line":35,"column":10}},{"start":{"line":35,"column":10},"end":{"line":35,"column":10}}]},"6":{"line":53,"type":"if","locations":[{"start":{"line":53,"column":13},"end":{"line":53,"column":13}},{"start":{"line":53,"column":13},"end":{"line":53,"column":13}}]}}},"/Users/andelaeveloper/Documents/DMS/server/models/index.js":{"path":"/Users/andelaeveloper/Documents/DMS/server/models/index.js","s":{"1":1,"2":1,"3":1,"4":1,"5":1,"6":1,"7":1,"8":1,"9":1,"10":0,"11":1,"12":5,"13":3,"14":3,"15":1,"16":3,"17":3,"18":1,"19":1,"20":1},"b":{"1":[1,0],"2":[1,0],"3":[5,4,3],"4":[3,0]},"f":{"1":5,"2":3,"3":3},"fnMap":{"1":{"name":"(anonymous_1)","line":19,"loc":{"start":{"line":19,"column":10},"end":{"line":19,"column":25}}},"2":{"name":"(anonymous_2)","line":22,"loc":{"start":{"line":22,"column":11},"end":{"line":22,"column":26}}},"3":{"name":"(anonymous_3)","line":27,"loc":{"start":{"line":27,"column":24},"end":{"line":27,"column":44}}}},"statementMap":{"1":{"start":{"line":3,"column":0},"end":{"line":null,"column":null}},"2":{"start":{"line":4,"column":0},"end":{"line":null,"column":null}},"3":{"start":{"line":5,"column":0},"end":{"line":null,"column":null}},"4":{"start":{"line":6,"column":0},"end":{"line":null,"column":null}},"5":{"start":{"line":7,"column":0},"end":{"line":null,"column":null}},"6":{"start":{"line":8,"column":0},"end":{"line":null,"column":null}},"7":{"start":{"line":9,"column":0},"end":{"line":null,"column":null}},"8":{"start":{"line":11,"column":0},"end":{"line":null,"column":null}},"9":{"start":{"line":12,"column":6},"end":{"line":null,"column":null}},"10":{"start":{"line":14,"column":6},"end":{"line":null,"column":null}},"11":{"start":{"line":17,"column":0},"end":{"line":null,"column":null}},"12":{"start":{"line":20,"column":12},"end":{"line":null,"column":null}},"13":{"start":{"line":23,"column":8},"end":{"line":null,"column":null}},"14":{"start":{"line":24,"column":7},"end":{"line":null,"column":null}},"15":{"start":{"line":27,"column":0},"end":{"line":null,"column":null}},"16":{"start":{"line":28,"column":6},"end":{"line":null,"column":null}},"17":{"start":{"line":29,"column":7},"end":{"line":null,"column":null}},"18":{"start":{"line":33,"column":0},"end":{"line":null,"column":null}},"19":{"start":{"line":34,"column":0},"end":{"line":null,"column":null}},"20":{"start":{"line":36,"column":0},"end":{"line":null,"column":null}}},"branchMap":{"1":{"line":7,"type":"binary-expr","locations":[{"start":{"line":7,"column":16},"end":{"line":7,"column":16}},{"start":{"line":7,"column":40},"end":{"line":7,"column":0}}]},"2":{"line":11,"type":"if","locations":[{"start":{"line":11,"column":0},"end":{"line":11,"column":0}},{"start":{"line":11,"column":0},"end":{"line":11,"column":0}}]},"3":{"line":20,"type":"binary-expr","locations":[{"start":{"line":20,"column":12},"end":{"line":20,"column":11}},{"start":{"line":20,"column":41},"end":{"line":20,"column":11}},{"start":{"line":20,"column":64},"end":{"line":20,"column":4}}]},"4":{"line":28,"type":"if","locations":[{"start":{"line":28,"column":6},"end":{"line":28,"column":6}},{"start":{"line":28,"column":6},"end":{"line":28,"column":6}}]}}},"/Users/andelaeveloper/Documents/DMS/server/config/config.js":{"path":"/Users/andelaeveloper/Documents/DMS/server/config/config.js","s":{"1":1,"2":1},"b":{},"f":{},"fnMap":{},"statementMap":{"1":{"start":{"line":1,"column":0},"end":{"line":null,"column":null}},"2":{"start":{"line":3,"column":0},"end":{"line":null,"column":null}}},"branchMap":{}},"/Users/andelaeveloper/Documents/DMS/server/models/documents.js":{"path":"/Users/andelaeveloper/Documents/DMS/server/models/documents.js","s":{"1":1,"2":1,"3":1,"4":1},"b":{},"f":{"1":1,"2":1},"fnMap":{"1":{"name":"(anonymous_1)","line":1,"loc":{"start":{"line":1,"column":17},"end":{"line":1,"column":43}}},"2":{"name":"associate","line":19,"loc":{"start":{"line":19,"column":16},"end":{"line":19,"column":24}}}},"statementMap":{"1":{"start":{"line":1,"column":0},"end":{"line":null,"column":null}},"2":{"start":{"line":2,"column":8},"end":{"line":null,"column":null}},"3":{"start":{"line":20,"column":18},"end":{"line":null,"column":null}},"4":{"start":{"line":27,"column":9},"end":{"line":null,"column":null}}},"branchMap":{}},"/Users/andelaeveloper/Documents/DMS/server/models/role.js":{"path":"/Users/andelaeveloper/Documents/DMS/server/models/role.js","s":{"1":1,"2":1,"3":1,"4":1},"b":{},"f":{"1":1,"2":1},"fnMap":{"1":{"name":"(anonymous_1)","line":2,"loc":{"start":{"line":2,"column":17},"end":{"line":2,"column":43}}},"2":{"name":"associate","line":12,"loc":{"start":{"line":12,"column":17},"end":{"line":12,"column":29}}}},"statementMap":{"1":{"start":{"line":2,"column":0},"end":{"line":null,"column":null}},"2":{"start":{"line":3,"column":8},"end":{"line":null,"column":null}},"3":{"start":{"line":13,"column":14},"end":{"line":null,"column":null}},"4":{"start":{"line":21,"column":9},"end":{"line":null,"column":null}}},"branchMap":{}},"/Users/andelaeveloper/Documents/DMS/server/models/user.js":{"path":"/Users/andelaeveloper/Documents/DMS/server/models/user.js","s":{"1":1,"2":1,"3":1,"4":1,"5":1,"6":1,"7":1,"8":1,"9":8,"10":8,"11":8,"12":8,"13":0,"14":1},"b":{"1":[0,1],"2":[1,1],"3":[0,8]},"f":{"1":1,"2":1,"3":1,"4":8,"5":8,"6":8,"7":8},"fnMap":{"1":{"name":"_interopRequireDefault","line":0,"loc":{"start":{"line":0,"column":0},"end":{"line":0,"column":0}},"skip":true},"2":{"name":"(anonymous_2)","line":3,"loc":{"start":{"line":3,"column":17},"end":{"line":3,"column":43}}},"3":{"name":"associate","line":39,"loc":{"start":{"line":39,"column":17},"end":{"line":39,"column":29}}},"4":{"name":"validPassword","line":52,"loc":{"start":{"line":52,"column":20},"end":{"line":52,"column":30}}},"5":{"name":"hashPassword","line":55,"loc":{"start":{"line":55,"column":21},"end":{"line":55,"column":21}}},"6":{"name":"beforeCreate","line":60,"loc":{"start":{"line":60,"column":19},"end":{"line":60,"column":25}}},"7":{"name":"beforeUpdate","line":63,"loc":{"start":{"line":63,"column":19},"end":{"line":63,"column":25}}}},"statementMap":{"1":{"start":{"line":1,"column":0},"end":{"line":null,"column":null}},"2":{"start":{"line":0,"column":0},"end":{"line":0,"column":0},"skip":true},"3":{"start":{"line":0,"column":0},"end":{"line":0,"column":0},"skip":true},"4":{"start":{"line":0,"column":0},"end":{"line":0,"column":0},"skip":true},"5":{"start":{"line":3,"column":0},"end":{"line":null,"column":null}},"6":{"start":{"line":4,"column":8},"end":{"line":null,"column":null}},"7":{"start":{"line":40,"column":14},"end":{"line":null,"column":null}},"8":{"start":{"line":44,"column":14},"end":{"line":null,"column":null}},"9":{"start":{"line":53,"column":15},"end":{"line":null,"column":null}},"10":{"start":{"line":56,"column":13},"end":{"line":null,"column":null}},"11":{"start":{"line":61,"column":13},"end":{"line":null,"column":null}},"12":{"start":{"line":64,"column":12},"end":{"line":null,"column":null}},"13":{"start":{"line":65,"column":15},"end":{"line":null,"column":null}},"14":{"start":{"line":70,"column":9},"end":{"line":null,"column":null}}},"branchMap":{"1":{"line":0,"type":"cond-expr","locations":[{"start":{"line":0,"column":0},"end":{"line":0,"column":0},"skip":true},{"start":{"line":0,"column":0},"end":{"line":0,"column":0},"skip":true}]},"2":{"line":0,"type":"binary-expr","locations":[{"start":{"line":0,"column":0},"end":{"line":0,"column":0},"skip":true},{"start":{"line":0,"column":0},"end":{"line":0,"column":0},"skip":true}]},"3":{"line":64,"type":"if","locations":[{"start":{"line":64,"column":12},"end":{"line":64,"column":12}},{"start":{"line":64,"column":12},"end":{"line":64,"column":12}}]}}},"/Users/andelaeveloper/Documents/DMS/server/controllers/User.js":{"path":"/Users/andelaeveloper/Documents/DMS/server/controllers/User.js","s":{"1":1,"2":1,"3":1,"4":1,"5":1,"6":1,"7":1,"8":1,"9":3,"10":1,"11":4,"12":4,"13":0,"14":4,"15":3,"16":3,"17":1,"18":10,"19":10,"20":8,"21":8,"22":8,"23":2,"24":1,"25":1,"26":1,"27":1,"28":1,"29":1,"30":1,"31":4,"32":4,"33":2,"34":1,"35":1,"36":0,"37":1,"38":1,"39":2,"40":3,"41":3,"42":2,"43":1,"44":1,"45":0,"46":1,"47":0,"48":1,"49":1,"50":1,"51":1,"52":3,"53":3,"54":1,"55":1,"56":0,"57":0,"58":0,"59":0,"60":0,"61":0,"62":2,"63":2,"64":2,"65":1,"66":1,"67":1,"68":1,"69":1,"70":1,"71":1,"72":1,"73":1,"74":1,"75":1,"76":0,"77":1,"78":1,"79":1,"80":1,"81":0,"82":1,"83":1,"84":1,"85":1,"86":0,"87":1,"88":1,"89":1,"90":0,"91":0,"92":1},"b":{"1":[2,1],"2":[3,3],"3":[0,4],"4":[8,2],"5":[10,8],"6":[1,1],"7":[1,1],"8":[1,0],"9":[1,1],"10":[0,1],"11":[1,0],"12":[1,1],"13":[0,1],"14":[1,0],"15":[0,1],"16":[1,1],"17":[1,0],"18":[0,0],"19":[0,0],"20":[0,0],"21":[0,0],"22":[1,1],"23":[1,1],"24":[1,1],"25":[1,0],"26":[1,0],"27":[0,1],"28":[0,1],"29":[1,0]},"f":{"1":3,"2":4,"3":4,"4":3,"5":1,"6":10,"7":10,"8":1,"9":1,"10":4,"11":4,"12":2,"13":2,"14":3,"15":3,"16":2,"17":1,"18":1,"19":1,"20":3,"21":3,"22":1,"23":0,"24":2,"25":2,"26":1,"27":1,"28":1,"29":1,"30":0,"31":0},"fnMap":{"1":{"name":"_interopRequireDefault","line":0,"loc":{"start":{"line":0,"column":0},"end":{"line":0,"column":0}},"skip":true},"2":{"name":"create","line":14,"loc":{"start":{"line":14,"column":9},"end":{"line":14,"column":19}}},"3":{"name":"(anonymous_3)","line":16,"loc":{"start":{"line":16,"column":12},"end":{"line":16,"column":30}}},"4":{"name":"(anonymous_4)","line":24,"loc":{"start":{"line":24,"column":12},"end":{"line":24,"column":25}}},"5":{"name":"(anonymous_5)","line":32,"loc":{"start":{"line":32,"column":13},"end":{"line":null,"column":null}}},"6":{"name":"login","line":41,"loc":{"start":{"line":41,"column":8},"end":{"line":41,"column":18}}},"7":{"name":"(anonymous_7)","line":44,"loc":{"start":{"line":44,"column":10},"end":{"line":44,"column":20}}},"8":{"name":"allUsers","line":67,"loc":{"start":{"line":67,"column":11},"end":{"line":67,"column":21}}},"9":{"name":"(anonymous_9)","line":81,"loc":{"start":{"line":81,"column":12},"end":{"line":81,"column":23}}},"10":{"name":"findUser","line":104,"loc":{"start":{"line":104,"column":11},"end":{"line":104,"column":21}}},"11":{"name":"(anonymous_11)","line":107,"loc":{"start":{"line":107,"column":10},"end":{"line":107,"column":20}}},"12":{"name":"(anonymous_12)","line":110,"loc":{"start":{"line":110,"column":14},"end":{"line":110,"column":24}}},"13":{"name":"(anonymous_13)","line":123,"loc":{"start":{"line":123,"column":15},"end":{"line":null,"column":null}}},"14":{"name":"_delete","line":134,"loc":{"start":{"line":134,"column":9},"end":{"line":134,"column":19}}},"15":{"name":"(anonymous_15)","line":137,"loc":{"start":{"line":137,"column":12},"end":{"line":137,"column":22}}},"16":{"name":"(anonymous_16)","line":140,"loc":{"start":{"line":140,"column":16},"end":{"line":140,"column":26}}},"17":{"name":"(anonymous_17)","line":157,"loc":{"start":{"line":157,"column":18},"end":{"line":null,"column":null}}},"18":{"name":"(anonymous_18)","line":161,"loc":{"start":{"line":161,"column":13},"end":{"line":null,"column":null}}},"19":{"name":"logOut","line":172,"loc":{"start":{"line":172,"column":9},"end":{"line":172,"column":19}}},"20":{"name":"updateUsers","line":182,"loc":{"start":{"line":182,"column":14},"end":{"line":182,"column":24}}},"21":{"name":"(anonymous_21)","line":184,"loc":{"start":{"line":184,"column":12},"end":{"line":184,"column":22}}},"22":{"name":"(anonymous_22)","line":187,"loc":{"start":{"line":187,"column":16},"end":{"line":187,"column":26}}},"23":{"name":"(anonymous_23)","line":205,"loc":{"start":{"line":205,"column":20},"end":{"line":null,"column":null}}},"24":{"name":"(anonymous_24)","line":214,"loc":{"start":{"line":214,"column":15},"end":{"line":null,"column":null}}},"25":{"name":"search","line":226,"loc":{"start":{"line":226,"column":9},"end":{"line":226,"column":19}}},"26":{"name":"(anonymous_26)","line":252,"loc":{"start":{"line":252,"column":12},"end":{"line":252,"column":22}}},"27":{"name":"retrieveUserDocuments","line":279,"loc":{"start":{"line":279,"column":24},"end":{"line":279,"column":34}}},"28":{"name":"(anonymous_28)","line":282,"loc":{"start":{"line":282,"column":12},"end":{"line":282,"column":22}}},"29":{"name":"(anonymous_29)","line":322,"loc":{"start":{"line":322,"column":16},"end":{"line":322,"column":31}}},"30":{"name":"(anonymous_30)","line":323,"loc":{"start":{"line":323,"column":57},"end":{"line":null,"column":null}}},"31":{"name":"(anonymous_31)","line":344,"loc":{"start":{"line":344,"column":17},"end":{"line":null,"column":null}}}},"statementMap":{"1":{"start":{"line":0,"column":0},"end":{"line":0,"column":0},"skip":true},"2":{"start":{"line":1,"column":0},"end":{"line":null,"column":null}},"3":{"start":{"line":0,"column":0},"end":{"line":0,"column":0},"skip":true},"4":{"start":{"line":2,"column":0},"end":{"line":null,"column":null}},"5":{"start":{"line":0,"column":0},"end":{"line":0,"column":0},"skip":true},"6":{"start":{"line":3,"column":0},"end":{"line":null,"column":null}},"7":{"start":{"line":0,"column":0},"end":{"line":0,"column":0},"skip":true},"8":{"start":{"line":0,"column":0},"end":{"line":0,"column":0},"skip":true},"9":{"start":{"line":0,"column":0},"end":{"line":0,"column":0},"skip":true},"10":{"start":{"line":7,"column":0},"end":{"line":null,"column":null}},"11":{"start":{"line":15,"column":7},"end":{"line":null,"column":null}},"12":{"start":{"line":17,"column":12},"end":{"line":null,"column":null}},"13":{"start":{"line":18,"column":17},"end":{"line":null,"column":null}},"14":{"start":{"line":23,"column":7},"end":{"line":null,"column":null}},"15":{"start":{"line":25,"column":14},"end":{"line":null,"column":null}},"16":{"start":{"line":26,"column":12},"end":{"line":null,"column":null}},"17":{"start":{"line":32,"column":19},"end":{"line":null,"column":null}},"18":{"start":{"line":42,"column":7},"end":{"line":null,"column":null}},"19":{"start":{"line":45,"column":10},"end":{"line":null,"column":null}},"20":{"start":{"line":46,"column":13},"end":{"line":null,"column":null}},"21":{"start":{"line":47,"column":14},"end":{"line":null,"column":null}},"22":{"start":{"line":48,"column":15},"end":{"line":null,"column":null}},"23":{"start":{"line":55,"column":10},"end":{"line":null,"column":null}},"24":{"start":{"line":68,"column":10},"end":{"line":null,"column":null}},"25":{"start":{"line":69,"column":10},"end":{"line":null,"column":null}},"26":{"start":{"line":70,"column":7},"end":{"line":null,"column":null}},"27":{"start":{"line":82,"column":12},"end":{"line":null,"column":null}},"28":{"start":{"line":83,"column":16},"end":{"line":null,"column":null}},"29":{"start":{"line":88,"column":16},"end":{"line":null,"column":null}},"30":{"start":{"line":89,"column":14},"end":{"line":null,"column":null}},"31":{"start":{"line":105,"column":7},"end":{"line":null,"column":null}},"32":{"start":{"line":108,"column":9},"end":{"line":null,"column":null}},"33":{"start":{"line":111,"column":14},"end":{"line":null,"column":null}},"34":{"start":{"line":112,"column":19},"end":{"line":null,"column":null}},"35":{"start":{"line":116,"column":15},"end":{"line":null,"column":null}},"36":{"start":{"line":117,"column":19},"end":{"line":null,"column":null}},"37":{"start":{"line":120,"column":14},"end":{"line":null,"column":null}},"38":{"start":{"line":121,"column":14},"end":{"line":null,"column":null}},"39":{"start":{"line":123,"column":21},"end":{"line":null,"column":null}},"40":{"start":{"line":135,"column":7},"end":{"line":null,"column":null}},"41":{"start":{"line":138,"column":11},"end":{"line":null,"column":null}},"42":{"start":{"line":141,"column":16},"end":{"line":null,"column":null}},"43":{"start":{"line":142,"column":21},"end":{"line":null,"column":null}},"44":{"start":{"line":146,"column":17},"end":{"line":null,"column":null}},"45":{"start":{"line":147,"column":21},"end":{"line":null,"column":null}},"46":{"start":{"line":151,"column":17},"end":{"line":null,"column":null}},"47":{"start":{"line":152,"column":21},"end":{"line":null,"column":null}},"48":{"start":{"line":156,"column":13},"end":{"line":null,"column":null}},"49":{"start":{"line":157,"column":24},"end":{"line":null,"column":null}},"50":{"start":{"line":161,"column":19},"end":{"line":null,"column":null}},"51":{"start":{"line":173,"column":8},"end":{"line":null,"column":null}},"52":{"start":{"line":183,"column":7},"end":{"line":null,"column":null}},"53":{"start":{"line":185,"column":11},"end":{"line":null,"column":null}},"54":{"start":{"line":188,"column":16},"end":{"line":null,"column":null}},"55":{"start":{"line":189,"column":21},"end":{"line":null,"column":null}},"56":{"start":{"line":193,"column":17},"end":{"line":null,"column":null}},"57":{"start":{"line":194,"column":21},"end":{"line":null,"column":null}},"58":{"start":{"line":198,"column":17},"end":{"line":null,"column":null}},"59":{"start":{"line":199,"column":21},"end":{"line":null,"column":null}},"60":{"start":{"line":204,"column":15},"end":{"line":null,"column":null}},"61":{"start":{"line":205,"column":28},"end":{"line":null,"column":null}},"62":{"start":{"line":214,"column":21},"end":{"line":null,"column":null}},"63":{"start":{"line":227,"column":10},"end":{"line":null,"column":null}},"64":{"start":{"line":229,"column":8},"end":{"line":null,"column":null}},"65":{"start":{"line":230,"column":13},"end":{"line":null,"column":null}},"66":{"start":{"line":234,"column":10},"end":{"line":null,"column":null}},"67":{"start":{"line":235,"column":10},"end":{"line":null,"column":null}},"68":{"start":{"line":236,"column":8},"end":{"line":null,"column":null}},"69":{"start":{"line":237,"column":8},"end":{"line":null,"column":null}},"70":{"start":{"line":238,"column":10},"end":{"line":null,"column":null}},"71":{"start":{"line":251,"column":7},"end":{"line":null,"column":null}},"72":{"start":{"line":253,"column":20},"end":{"line":null,"column":null}},"73":{"start":{"line":258,"column":21},"end":{"line":null,"column":null}},"74":{"start":{"line":259,"column":12},"end":{"line":null,"column":null}},"75":{"start":{"line":260,"column":17},"end":{"line":null,"column":null}},"76":{"start":{"line":264,"column":12},"end":{"line":null,"column":null}},"77":{"start":{"line":280,"column":7},"end":{"line":null,"column":null}},"78":{"start":{"line":283,"column":12},"end":{"line":null,"column":null}},"79":{"start":{"line":284,"column":12},"end":{"line":null,"column":null}},"80":{"start":{"line":285,"column":18},"end":{"line":null,"column":null}},"81":{"start":{"line":291,"column":18},"end":{"line":null,"column":null}},"82":{"start":{"line":318,"column":14},"end":{"line":null,"column":null}},"83":{"start":{"line":319,"column":14},"end":{"line":null,"column":null}},"84":{"start":{"line":320,"column":11},"end":{"line":null,"column":null}},"85":{"start":{"line":323,"column":18},"end":{"line":null,"column":null}},"86":{"start":{"line":323,"column":69},"end":{"line":null,"column":null}},"87":{"start":{"line":332,"column":18},"end":{"line":null,"column":null}},"88":{"start":{"line":335,"column":16},"end":{"line":null,"column":null}},"89":{"start":{"line":336,"column":21},"end":{"line":null,"column":null}},"90":{"start":{"line":340,"column":16},"end":{"line":null,"column":null}},"91":{"start":{"line":344,"column":23},"end":{"line":null,"column":null}},"92":{"start":{"line":352,"column":15},"end":{"line":null,"column":null}}},"branchMap":{"1":{"line":0,"type":"cond-expr","locations":[{"start":{"line":0,"column":0},"end":{"line":0,"column":0},"skip":true},{"start":{"line":0,"column":0},"end":{"line":0,"column":0},"skip":true}]},"2":{"line":0,"type":"binary-expr","locations":[{"start":{"line":0,"column":0},"end":{"line":0,"column":0},"skip":true},{"start":{"line":0,"column":0},"end":{"line":0,"column":0},"skip":true}]},"3":{"line":17,"type":"if","locations":[{"start":{"line":17,"column":12},"end":{"line":17,"column":12}},{"start":{"line":17,"column":12},"end":{"line":17,"column":12}}]},"4":{"line":45,"type":"if","locations":[{"start":{"line":45,"column":10},"end":{"line":45,"column":10}},{"start":{"line":45,"column":10},"end":{"line":45,"column":10}}]},"5":{"line":45,"type":"binary-expr","locations":[{"start":{"line":45,"column":10},"end":{"line":45,"column":18}},{"start":{"line":45,"column":18},"end":{"line":45,"column":6}}]},"6":{"line":68,"type":"binary-expr","locations":[{"start":{"line":68,"column":18},"end":{"line":68,"column":18}},{"start":{"line":68,"column":37},"end":{"line":68,"column":4}}]},"7":{"line":69,"type":"binary-expr","locations":[{"start":{"line":69,"column":19},"end":{"line":69,"column":19}},{"start":{"line":69,"column":39},"end":{"line":69,"column":4}}]},"8":{"line":82,"type":"if","locations":[{"start":{"line":82,"column":12},"end":{"line":82,"column":12}},{"start":{"line":82,"column":12},"end":{"line":82,"column":12}}]},"9":{"line":111,"type":"if","locations":[{"start":{"line":111,"column":14},"end":{"line":111,"column":14}},{"start":{"line":111,"column":14},"end":{"line":111,"column":14}}]},"10":{"line":116,"type":"if","locations":[{"start":{"line":116,"column":15},"end":{"line":116,"column":15}},{"start":{"line":116,"column":15},"end":{"line":116,"column":15}}]},"11":{"line":116,"type":"binary-expr","locations":[{"start":{"line":116,"column":15},"end":{"line":116,"column":14}},{"start":{"line":116,"column":43},"end":{"line":116,"column":10}}]},"12":{"line":141,"type":"if","locations":[{"start":{"line":141,"column":16},"end":{"line":141,"column":16}},{"start":{"line":141,"column":16},"end":{"line":141,"column":16}}]},"13":{"line":146,"type":"if","locations":[{"start":{"line":146,"column":17},"end":{"line":146,"column":17}},{"start":{"line":146,"column":17},"end":{"line":146,"column":17}}]},"14":{"line":146,"type":"binary-expr","locations":[{"start":{"line":146,"column":17},"end":{"line":146,"column":16}},{"start":{"line":146,"column":45},"end":{"line":146,"column":12}}]},"15":{"line":151,"type":"if","locations":[{"start":{"line":151,"column":17},"end":{"line":151,"column":17}},{"start":{"line":151,"column":17},"end":{"line":151,"column":17}}]},"16":{"line":151,"type":"binary-expr","locations":[{"start":{"line":151,"column":17},"end":{"line":151,"column":16}},{"start":{"line":151,"column":45},"end":{"line":151,"column":12}}]},"17":{"line":188,"type":"if","locations":[{"start":{"line":188,"column":16},"end":{"line":188,"column":16}},{"start":{"line":188,"column":16},"end":{"line":188,"column":16}}]},"18":{"line":193,"type":"if","locations":[{"start":{"line":193,"column":17},"end":{"line":193,"column":17}},{"start":{"line":193,"column":17},"end":{"line":193,"column":17}}]},"19":{"line":193,"type":"binary-expr","locations":[{"start":{"line":193,"column":17},"end":{"line":193,"column":16}},{"start":{"line":193,"column":44},"end":{"line":193,"column":12}}]},"20":{"line":198,"type":"if","locations":[{"start":{"line":198,"column":17},"end":{"line":198,"column":17}},{"start":{"line":198,"column":17},"end":{"line":198,"column":17}}]},"21":{"line":198,"type":"binary-expr","locations":[{"start":{"line":198,"column":17},"end":{"line":198,"column":16}},{"start":{"line":198,"column":45},"end":{"line":198,"column":12}}]},"22":{"line":229,"type":"if","locations":[{"start":{"line":229,"column":8},"end":{"line":229,"column":8}},{"start":{"line":229,"column":8},"end":{"line":229,"column":8}}]},"23":{"line":234,"type":"binary-expr","locations":[{"start":{"line":234,"column":18},"end":{"line":234,"column":18}},{"start":{"line":234,"column":37},"end":{"line":234,"column":4}}]},"24":{"line":235,"type":"binary-expr","locations":[{"start":{"line":235,"column":19},"end":{"line":235,"column":19}},{"start":{"line":235,"column":39},"end":{"line":235,"column":4}}]},"25":{"line":259,"type":"if","locations":[{"start":{"line":259,"column":12},"end":{"line":259,"column":12}},{"start":{"line":259,"column":12},"end":{"line":259,"column":12}}]},"26":{"line":284,"type":"if","locations":[{"start":{"line":284,"column":12},"end":{"line":284,"column":12}},{"start":{"line":284,"column":12},"end":{"line":284,"column":12}}]},"27":{"line":318,"type":"cond-expr","locations":[{"start":{"line":318,"column":46},"end":{"line":318,"column":22}},{"start":{"line":318,"column":64},"end":{"line":318,"column":8}}]},"28":{"line":319,"type":"cond-expr","locations":[{"start":{"line":319,"column":48},"end":{"line":319,"column":23}},{"start":{"line":319,"column":67},"end":{"line":319,"column":8}}]},"29":{"line":335,"type":"if","locations":[{"start":{"line":335,"column":16},"end":{"line":335,"column":16}},{"start":{"line":335,"column":16},"end":{"line":335,"column":16}}]}}},"/Users/andelaeveloper/Documents/DMS/server/helpers/controllerHelper.js":{"path":"/Users/andelaeveloper/Documents/DMS/server/helpers/controllerHelper.js","s":{"1":1,"2":1,"3":9,"4":9,"5":9,"6":9,"7":0,"8":1},"b":{"1":[7,2]},"f":{"1":9,"2":0},"fnMap":{"1":{"name":"pagination","line":8,"loc":{"start":{"line":8,"column":13},"end":{"line":8,"column":24}}},"2":{"name":"getUserAttribute","line":21,"loc":{"start":{"line":21,"column":21},"end":{"line":21,"column":21}}}},"statementMap":{"1":{"start":{"line":0,"column":0},"end":{"line":0,"column":0},"skip":true},"2":{"start":{"line":2,"column":0},"end":{"line":null,"column":null}},"3":{"start":{"line":9,"column":10},"end":{"line":null,"column":null}},"4":{"start":{"line":10,"column":10},"end":{"line":null,"column":null}},"5":{"start":{"line":11,"column":10},"end":{"line":null,"column":null}},"6":{"start":{"line":13,"column":11},"end":{"line":null,"column":null}},"7":{"start":{"line":22,"column":11},"end":{"line":null,"column":null}},"8":{"start":{"line":33,"column":15},"end":{"line":null,"column":null}}},"branchMap":{"1":{"line":12,"type":"cond-expr","locations":[{"start":{"line":12,"column":8},"end":{"line":11,"column":21}},{"start":{"line":12,"column":26},"end":{"line":11,"column":4}}]}}},"/Users/andelaeveloper/Documents/DMS/server/routes/DocumentsRoutes.js":{"path":"/Users/andelaeveloper/Documents/DMS/server/routes/DocumentsRoutes.js","s":{"1":1,"2":1,"3":1,"4":1,"5":1,"6":2,"7":1,"8":1,"9":1,"10":1,"11":1,"12":1,"13":1,"14":1},"b":{"1":[2,0],"2":[2,2]},"f":{"1":2,"2":1},"fnMap":{"1":{"name":"_interopRequireDefault","line":0,"loc":{"start":{"line":0,"column":0},"end":{"line":0,"column":0}},"skip":true},"2":{"name":"(anonymous_2)","line":4,"loc":{"start":{"line":4,"column":17},"end":{"line":4,"column":26}}}},"statementMap":{"1":{"start":{"line":1,"column":0},"end":{"line":null,"column":null}},"2":{"start":{"line":0,"column":0},"end":{"line":0,"column":0},"skip":true},"3":{"start":{"line":2,"column":0},"end":{"line":null,"column":null}},"4":{"start":{"line":0,"column":0},"end":{"line":0,"column":0},"skip":true},"5":{"start":{"line":0,"column":0},"end":{"line":0,"column":0},"skip":true},"6":{"start":{"line":0,"column":0},"end":{"line":0,"column":0},"skip":true},"7":{"start":{"line":4,"column":0},"end":{"line":null,"column":null}},"8":{"start":{"line":5,"column":6},"end":{"line":null,"column":null}},"9":{"start":{"line":8,"column":6},"end":{"line":null,"column":null}},"10":{"start":{"line":10,"column":6},"end":{"line":4,"column":26}},"11":{"start":{"line":13,"column":6},"end":{"line":null,"column":null}},"12":{"start":{"line":16,"column":6},"end":{"line":null,"column":null}},"13":{"start":{"line":19,"column":6},"end":{"line":null,"column":null}},"14":{"start":{"line":22,"column":6},"end":{"line":null,"column":null}}},"branchMap":{"1":{"line":0,"type":"cond-expr","locations":[{"start":{"line":0,"column":0},"end":{"line":0,"column":0},"skip":true},{"start":{"line":0,"column":0},"end":{"line":0,"column":0},"skip":true}]},"2":{"line":0,"type":"binary-expr","locations":[{"start":{"line":0,"column":0},"end":{"line":0,"column":0},"skip":true},{"start":{"line":0,"column":0},"end":{"line":0,"column":0},"skip":true}]}}},"/Users/andelaeveloper/Documents/DMS/server/controllers/Document.js":{"path":"/Users/andelaeveloper/Documents/DMS/server/controllers/Document.js","s":{"1":1,"2":1,"3":1,"4":1,"5":1,"6":1,"7":2,"8":1,"9":5,"10":5,"11":0,"12":5,"13":1,"14":7,"15":6,"16":1,"17":6,"18":6,"19":5,"20":1,"21":4,"22":1,"23":3,"24":3,"25":1,"26":2,"27":1,"28":0,"29":0,"30":7,"31":7,"32":6,"33":1,"34":5,"35":3,"36":2,"37":0,"38":2,"39":2,"40":1,"41":5,"42":4,"43":1,"44":3,"45":1,"46":2,"47":2,"48":1,"49":2,"50":2,"51":2,"52":2,"53":2,"54":2,"55":1,"56":1,"57":1,"58":1,"59":1,"60":1,"61":1,"62":1,"63":1,"64":1,"65":1,"66":1,"67":3,"68":1,"69":1,"70":5,"71":5,"72":5,"73":1,"74":4,"75":4,"76":3,"77":4,"78":4,"79":4,"80":4,"81":4,"82":4,"83":3,"84":4,"85":4,"86":4,"87":1,"88":3,"89":1},"b":{"1":[1,1],"2":[2,2],"3":[5,0],"4":[1,4],"5":[1,3],"6":[4,2,1],"7":[1,2],"8":[3,1,1],"9":[1,5],"10":[3,2],"11":[5,4],"12":[0,2],"13":[2,0],"14":[1,3],"15":[1,2],"16":[3,1],"17":[0,2],"18":[0,2],"19":[1,1],"20":[0,1],"21":[0,1],"22":[1,4],"23":[3,1],"24":[0,4],"25":[0,4],"26":[1,3]},"f":{"1":2,"2":5,"3":7,"4":6,"5":1,"6":6,"7":6,"8":5,"9":3,"10":1,"11":0,"12":0,"13":7,"14":7,"15":6,"16":2,"17":1,"18":5,"19":4,"20":2,"21":1,"22":2,"23":2,"24":1,"25":1,"26":3,"27":5,"28":5,"29":4,"30":3},"fnMap":{"1":{"name":"_interopRequireDefault","line":0,"loc":{"start":{"line":0,"column":0},"end":{"line":0,"column":0}},"skip":true},"2":{"name":"_defineProperty","line":0,"loc":{"start":{"line":0,"column":0},"end":{"line":0,"column":0}},"skip":true},"3":{"name":"create","line":13,"loc":{"start":{"line":13,"column":9},"end":{"line":13,"column":19}}},"4":{"name":"(anonymous_4)","line":20,"loc":{"start":{"line":20,"column":12},"end":{"line":20,"column":29}}},"5":{"name":"(anonymous_5)","line":26,"loc":{"start":{"line":26,"column":13},"end":{"line":null,"column":null}}},"6":{"name":"findDocument","line":36,"loc":{"start":{"line":36,"column":15},"end":{"line":36,"column":25}}},"7":{"name":"(anonymous_7)","line":38,"loc":{"start":{"line":38,"column":12},"end":{"line":38,"column":22}}},"8":{"name":"(anonymous_8)","line":41,"loc":{"start":{"line":41,"column":16},"end":{"line":41,"column":30}}},"9":{"name":"(anonymous_9)","line":54,"loc":{"start":{"line":54,"column":53},"end":{"line":54,"column":63}}},"10":{"name":"(anonymous_10)","line":66,"loc":{"start":{"line":66,"column":17},"end":{"line":null,"column":null}}},"11":{"name":"findUsersDocuments","line":72,"loc":{"start":{"line":72,"column":21},"end":{"line":72,"column":31}}},"12":{"name":"(anonymous_12)","line":74,"loc":{"start":{"line":74,"column":16},"end":{"line":null,"column":null}}},"13":{"name":"updateDoc","line":82,"loc":{"start":{"line":82,"column":12},"end":{"line":82,"column":22}}},"14":{"name":"(anonymous_14)","line":84,"loc":{"start":{"line":84,"column":12},"end":{"line":84,"column":22}}},"15":{"name":"(anonymous_15)","line":87,"loc":{"start":{"line":87,"column":16},"end":{"line":87,"column":30}}},"16":{"name":"(anonymous_16)","line":104,"loc":{"start":{"line":104,"column":20},"end":{"line":104,"column":41}}},"17":{"name":"(anonymous_17)","line":112,"loc":{"start":{"line":112,"column":15},"end":{"line":null,"column":null}}},"18":{"name":"_delete","line":123,"loc":{"start":{"line":123,"column":9},"end":{"line":123,"column":19}}},"19":{"name":"(anonymous_19)","line":127,"loc":{"start":{"line":127,"column":16},"end":{"line":127,"column":30}}},"20":{"name":"(anonymous_20)","line":140,"loc":{"start":{"line":140,"column":18},"end":{"line":null,"column":null}}},"21":{"name":"(anonymous_21)","line":144,"loc":{"start":{"line":144,"column":13},"end":{"line":null,"column":null}}},"22":{"name":"findAllDocument","line":154,"loc":{"start":{"line":154,"column":18},"end":{"line":154,"column":28}}},"23":{"name":"(anonymous_23)","line":156,"loc":{"start":{"line":156,"column":12},"end":{"line":156,"column":22}}},"24":{"name":"(anonymous_24)","line":164,"loc":{"start":{"line":164,"column":18},"end":{"line":164,"column":33}}},"25":{"name":"(anonymous_25)","line":196,"loc":{"start":{"line":196,"column":18},"end":{"line":196,"column":33}}},"26":{"name":"(anonymous_26)","line":201,"loc":{"start":{"line":201,"column":59},"end":{"line":null,"column":null}}},"27":{"name":"search","line":228,"loc":{"start":{"line":228,"column":9},"end":{"line":228,"column":19}}},"28":{"name":"(anonymous_28)","line":230,"loc":{"start":{"line":230,"column":12},"end":{"line":230,"column":22}}},"29":{"name":"(anonymous_29)","line":299,"loc":{"start":{"line":299,"column":16},"end":{"line":299,"column":31}}},"30":{"name":"(anonymous_30)","line":300,"loc":{"start":{"line":300,"column":57},"end":{"line":null,"column":null}}}},"statementMap":{"1":{"start":{"line":0,"column":0},"end":{"line":0,"column":0},"skip":true},"2":{"start":{"line":1,"column":0},"end":{"line":null,"column":null}},"3":{"start":{"line":0,"column":0},"end":{"line":0,"column":0},"skip":true},"4":{"start":{"line":2,"column":0},"end":{"line":null,"column":null}},"5":{"start":{"line":0,"column":0},"end":{"line":0,"column":0},"skip":true},"6":{"start":{"line":0,"column":0},"end":{"line":0,"column":0},"skip":true},"7":{"start":{"line":0,"column":0},"end":{"line":0,"column":0},"skip":true},"8":{"start":{"line":0,"column":0},"end":{"line":0,"column":0},"skip":true},"9":{"start":{"line":0,"column":0},"end":{"line":0,"column":0},"skip":true},"10":{"start":{"line":0,"column":0},"end":{"line":0,"column":0},"skip":true},"11":{"start":{"line":0,"column":0},"end":{"line":0,"column":0},"skip":true},"12":{"start":{"line":0,"column":0},"end":{"line":0,"column":0},"skip":true},"13":{"start":{"line":6,"column":0},"end":{"line":null,"column":null}},"14":{"start":{"line":14,"column":7},"end":{"line":null,"column":null}},"15":{"start":{"line":21,"column":12},"end":{"line":null,"column":null}},"16":{"start":{"line":26,"column":19},"end":{"line":null,"column":null}},"17":{"start":{"line":37,"column":7},"end":{"line":null,"column":null}},"18":{"start":{"line":39,"column":11},"end":{"line":null,"column":null}},"19":{"start":{"line":42,"column":16},"end":{"line":null,"column":null}},"20":{"start":{"line":43,"column":21},"end":{"line":null,"column":null}},"21":{"start":{"line":48,"column":17},"end":{"line":null,"column":null}},"22":{"start":{"line":50,"column":21},"end":{"line":null,"column":null}},"23":{"start":{"line":54,"column":15},"end":{"line":null,"column":null}},"24":{"start":{"line":55,"column":19},"end":{"line":null,"column":null}},"25":{"start":{"line":57,"column":23},"end":{"line":null,"column":null}},"26":{"start":{"line":61,"column":18},"end":{"line":null,"column":null}},"27":{"start":{"line":66,"column":23},"end":{"line":null,"column":null}},"28":{"start":{"line":73,"column":7},"end":{"line":null,"column":null}},"29":{"start":{"line":74,"column":29},"end":{"line":null,"column":null}},"30":{"start":{"line":83,"column":7},"end":{"line":null,"column":null}},"31":{"start":{"line":85,"column":11},"end":{"line":null,"column":null}},"32":{"start":{"line":88,"column":16},"end":{"line":null,"column":null}},"33":{"start":{"line":89,"column":21},"end":{"line":null,"column":null}},"34":{"start":{"line":93,"column":16},"end":{"line":null,"column":null}},"35":{"start":{"line":94,"column":21},"end":{"line":null,"column":null}},"36":{"start":{"line":97,"column":16},"end":{"line":null,"column":null}},"37":{"start":{"line":98,"column":21},"end":{"line":null,"column":null}},"38":{"start":{"line":103,"column":15},"end":{"line":null,"column":null}},"39":{"start":{"line":105,"column":20},"end":{"line":null,"column":null}},"40":{"start":{"line":112,"column":21},"end":{"line":null,"column":null}},"41":{"start":{"line":125,"column":7},"end":{"line":null,"column":null}},"42":{"start":{"line":128,"column":16},"end":{"line":null,"column":null}},"43":{"start":{"line":129,"column":21},"end":{"line":null,"column":null}},"44":{"start":{"line":133,"column":17},"end":{"line":null,"column":null}},"45":{"start":{"line":134,"column":21},"end":{"line":null,"column":null}},"46":{"start":{"line":139,"column":13},"end":{"line":null,"column":null}},"47":{"start":{"line":140,"column":24},"end":{"line":null,"column":null}},"48":{"start":{"line":144,"column":19},"end":{"line":null,"column":null}},"49":{"start":{"line":155,"column":7},"end":{"line":null,"column":null}},"50":{"start":{"line":157,"column":14},"end":{"line":null,"column":null}},"51":{"start":{"line":158,"column":14},"end":{"line":null,"column":null}},"52":{"start":{"line":159,"column":14},"end":{"line":null,"column":null}},"53":{"start":{"line":160,"column":14},"end":{"line":null,"column":null}},"54":{"start":{"line":161,"column":12},"end":{"line":null,"column":null}},"55":{"start":{"line":162,"column":13},"end":{"line":null,"column":null}},"56":{"start":{"line":165,"column":20},"end":{"line":null,"column":null}},"57":{"start":{"line":166,"column":20},"end":{"line":null,"column":null}},"58":{"start":{"line":167,"column":21},"end":{"line":null,"column":null}},"59":{"start":{"line":172,"column":16},"end":{"line":null,"column":null}},"60":{"start":{"line":188,"column":16},"end":{"line":null,"column":null}},"61":{"start":{"line":194,"column":13},"end":{"line":null,"column":null}},"62":{"start":{"line":197,"column":20},"end":{"line":null,"column":null}},"63":{"start":{"line":198,"column":20},"end":{"line":null,"column":null}},"64":{"start":{"line":199,"column":20},"end":{"line":null,"column":null}},"65":{"start":{"line":200,"column":20},"end":{"line":null,"column":null}},"66":{"start":{"line":201,"column":20},"end":{"line":null,"column":null}},"67":{"start":{"line":201,"column":71},"end":{"line":null,"column":null}},"68":{"start":{"line":211,"column":20},"end":{"line":null,"column":null}},"69":{"start":{"line":212,"column":18},"end":{"line":null,"column":null}},"70":{"start":{"line":229,"column":7},"end":{"line":null,"column":null}},"71":{"start":{"line":231,"column":14},"end":{"line":null,"column":null}},"72":{"start":{"line":233,"column":12},"end":{"line":null,"column":null}},"73":{"start":{"line":234,"column":17},"end":{"line":null,"column":null}},"74":{"start":{"line":239,"column":12},"end":{"line":null,"column":null}},"75":{"start":{"line":278,"column":12},"end":{"line":null,"column":null}},"76":{"start":{"line":279,"column":18},"end":{"line":null,"column":null}},"77":{"start":{"line":293,"column":14},"end":{"line":null,"column":null}},"78":{"start":{"line":294,"column":14},"end":{"line":null,"column":null}},"79":{"start":{"line":295,"column":14},"end":{"line":null,"column":null}},"80":{"start":{"line":296,"column":14},"end":{"line":null,"column":null}},"81":{"start":{"line":297,"column":11},"end":{"line":null,"column":null}},"82":{"start":{"line":300,"column":18},"end":{"line":null,"column":null}},"83":{"start":{"line":300,"column":69},"end":{"line":null,"column":null}},"84":{"start":{"line":309,"column":18},"end":{"line":null,"column":null}},"85":{"start":{"line":310,"column":18},"end":{"line":null,"column":null}},"86":{"start":{"line":311,"column":16},"end":{"line":null,"column":null}},"87":{"start":{"line":312,"column":21},"end":{"line":null,"column":null}},"88":{"start":{"line":316,"column":16},"end":{"line":null,"column":null}},"89":{"start":{"line":324,"column":15},"end":{"line":null,"column":null}}},"branchMap":{"1":{"line":0,"type":"cond-expr","locations":[{"start":{"line":0,"column":0},"end":{"line":0,"column":0},"skip":true},{"start":{"line":0,"column":0},"end":{"line":0,"column":0},"skip":true}]},"2":{"line":0,"type":"binary-expr","locations":[{"start":{"line":0,"column":0},"end":{"line":0,"column":0},"skip":true},{"start":{"line":0,"column":0},"end":{"line":0,"column":0},"skip":true}]},"3":{"line":0,"type":"if","locations":[{"start":{"line":0,"column":0},"end":{"line":0,"column":0},"skip":true},{"start":{"line":0,"column":0},"end":{"line":0,"column":0},"skip":true}]},"4":{"line":42,"type":"if","locations":[{"start":{"line":42,"column":16},"end":{"line":42,"column":16}},{"start":{"line":42,"column":16},"end":{"line":42,"column":16}}]},"5":{"line":48,"type":"if","locations":[{"start":{"line":48,"column":17},"end":{"line":48,"column":17}},{"start":{"line":48,"column":17},"end":{"line":48,"column":17}}]},"6":{"line":48,"type":"binary-expr","locations":[{"start":{"line":48,"column":17},"end":{"line":48,"column":16}},{"start":{"line":48,"column":45},"end":{"line":48,"column":16}},{"start":{"line":49,"column":13},"end":{"line":48,"column":12}}]},"7":{"line":55,"type":"if","locations":[{"start":{"line":55,"column":19},"end":{"line":55,"column":19}},{"start":{"line":55,"column":19},"end":{"line":55,"column":19}}]},"8":{"line":55,"type":"binary-expr","locations":[{"start":{"line":55,"column":19},"end":{"line":55,"column":18}},{"start":{"line":55,"column":47},"end":{"line":55,"column":18}},{"start":{"line":56,"column":15},"end":{"line":55,"column":14}}]},"9":{"line":88,"type":"if","locations":[{"start":{"line":88,"column":16},"end":{"line":88,"column":16}},{"start":{"line":88,"column":16},"end":{"line":88,"column":16}}]},"10":{"line":93,"type":"if","locations":[{"start":{"line":93,"column":16},"end":{"line":93,"column":16}},{"start":{"line":93,"column":16},"end":{"line":93,"column":16}}]},"11":{"line":93,"type":"binary-expr","locations":[{"start":{"line":93,"column":16},"end":{"line":93,"column":16}},{"start":{"line":93,"column":42},"end":{"line":93,"column":12}}]},"12":{"line":97,"type":"if","locations":[{"start":{"line":97,"column":16},"end":{"line":97,"column":16}},{"start":{"line":97,"column":16},"end":{"line":97,"column":16}}]},"13":{"line":97,"type":"binary-expr","locations":[{"start":{"line":97,"column":16},"end":{"line":97,"column":16}},{"start":{"line":97,"column":36},"end":{"line":97,"column":12}}]},"14":{"line":128,"type":"if","locations":[{"start":{"line":128,"column":16},"end":{"line":128,"column":16}},{"start":{"line":128,"column":16},"end":{"line":128,"column":16}}]},"15":{"line":133,"type":"if","locations":[{"start":{"line":133,"column":17},"end":{"line":133,"column":17}},{"start":{"line":133,"column":17},"end":{"line":133,"column":17}}]},"16":{"line":133,"type":"binary-expr","locations":[{"start":{"line":133,"column":17},"end":{"line":133,"column":16}},{"start":{"line":133,"column":47},"end":{"line":133,"column":12}}]},"17":{"line":158,"type":"cond-expr","locations":[{"start":{"line":158,"column":46},"end":{"line":158,"column":22}},{"start":{"line":158,"column":64},"end":{"line":158,"column":8}}]},"18":{"line":159,"type":"cond-expr","locations":[{"start":{"line":159,"column":48},"end":{"line":159,"column":23}},{"start":{"line":159,"column":67},"end":{"line":159,"column":8}}]},"19":{"line":161,"type":"if","locations":[{"start":{"line":161,"column":12},"end":{"line":161,"column":12}},{"start":{"line":161,"column":12},"end":{"line":161,"column":12}}]},"20":{"line":198,"type":"cond-expr","locations":[{"start":{"line":198,"column":52},"end":{"line":198,"column":28}},{"start":{"line":198,"column":70},"end":{"line":198,"column":14}}]},"21":{"line":199,"type":"cond-expr","locations":[{"start":{"line":199,"column":54},"end":{"line":199,"column":29}},{"start":{"line":199,"column":73},"end":{"line":199,"column":14}}]},"22":{"line":233,"type":"if","locations":[{"start":{"line":233,"column":12},"end":{"line":233,"column":12}},{"start":{"line":233,"column":12},"end":{"line":233,"column":12}}]},"23":{"line":278,"type":"if","locations":[{"start":{"line":278,"column":12},"end":{"line":278,"column":12}},{"start":{"line":278,"column":12},"end":{"line":278,"column":12}}]},"24":{"line":293,"type":"cond-expr","locations":[{"start":{"line":293,"column":46},"end":{"line":293,"column":22}},{"start":{"line":293,"column":64},"end":{"line":293,"column":8}}]},"25":{"line":294,"type":"cond-expr","locations":[{"start":{"line":294,"column":48},"end":{"line":294,"column":23}},{"start":{"line":294,"column":67},"end":{"line":294,"column":8}}]},"26":{"line":311,"type":"if","locations":[{"start":{"line":311,"column":16},"end":{"line":311,"column":16}},{"start":{"line":311,"column":16},"end":{"line":311,"column":16}}]}}},"/Users/andelaeveloper/Documents/DMS/server/routes/RolesRoutes.js":{"path":"/Users/andelaeveloper/Documents/DMS/server/routes/RolesRoutes.js","s":{"1":1,"2":1,"3":1,"4":1,"5":1,"6":2,"7":1,"8":1,"9":1,"10":1,"11":1,"12":1},"b":{"1":[2,0],"2":[2,2]},"f":{"1":2,"2":1},"fnMap":{"1":{"name":"_interopRequireDefault","line":0,"loc":{"start":{"line":0,"column":0},"end":{"line":0,"column":0}},"skip":true},"2":{"name":"(anonymous_2)","line":17,"loc":{"start":{"line":17,"column":17},"end":{"line":17,"column":26}}}},"statementMap":{"1":{"start":{"line":1,"column":0},"end":{"line":null,"column":null}},"2":{"start":{"line":0,"column":0},"end":{"line":0,"column":0},"skip":true},"3":{"start":{"line":2,"column":0},"end":{"line":null,"column":null}},"4":{"start":{"line":0,"column":0},"end":{"line":0,"column":0},"skip":true},"5":{"start":{"line":0,"column":0},"end":{"line":0,"column":0},"skip":true},"6":{"start":{"line":0,"column":0},"end":{"line":0,"column":0},"skip":true},"7":{"start":{"line":17,"column":0},"end":{"line":null,"column":null}},"8":{"start":{"line":18,"column":6},"end":{"line":null,"column":null}},"9":{"start":{"line":20,"column":6},"end":{"line":null,"column":null}},"10":{"start":{"line":22,"column":6},"end":{"line":null,"column":null}},"11":{"start":{"line":24,"column":6},"end":{"line":null,"column":null}},"12":{"start":{"line":26,"column":6},"end":{"line":null,"column":null}}},"branchMap":{"1":{"line":0,"type":"cond-expr","locations":[{"start":{"line":0,"column":0},"end":{"line":0,"column":0},"skip":true},{"start":{"line":0,"column":0},"end":{"line":0,"column":0},"skip":true}]},"2":{"line":0,"type":"binary-expr","locations":[{"start":{"line":0,"column":0},"end":{"line":0,"column":0},"skip":true},{"start":{"line":0,"column":0},"end":{"line":0,"column":0},"skip":true}]}}}}