TN:
SF:/Users/andelaeveloper/Documents/DMS/test-server.js
FN:18,(anonymous_2)
FNF:1
FNH:1
FNDA:1,(anonymous_2)
DA:2,1
DA:3,1
DA:4,1
DA:7,1
DA:9,1
DA:10,1
DA:14,1
DA:15,1
DA:16,1
DA:18,1
DA:19,1
DA:22,1
LF:12
LH:12
BRF:0
BRH:0
end_of_record
TN:
SF:/Users/andelaeveloper/Documents/DMS/server/routes/UsersRoutes.js
FN:4,(anonymous_2)
FNF:1
FNH:1
FNDA:1,(anonymous_2)
DA:1,1
DA:2,1
DA:4,1
DA:5,1
DA:8,1
DA:11,1
DA:13,1
DA:16,1
DA:19,1
DA:22,1
DA:25,1
DA:28,1
LF:12
LH:12
BRF:0
BRH:0
end_of_record
TN:
SF:/Users/andelaeveloper/Documents/DMS/server/middlewares/Auth.js
FN:13,getToken
FN:29,verifyToken
FN:34,(anonymous_4)
FN:50,verifyAdmin
FN:52,(anonymous_6)
FNF:5
FNH:5
FNDA:11,getToken
FNDA:67,verifyToken
FNDA:65,(anonymous_4)
FNDA:14,verifyAdmin
FNDA:14,(anonymous_6)
DA:1,1
DA:2,1
DA:3,1
DA:5,1
DA:6,1
DA:7,1
DA:14,11
DA:20,11
DA:30,67
DA:31,67
DA:32,2
DA:34,65
DA:35,65
DA:36,0
DA:38,65
DA:51,14
DA:53,14
DA:54,14
DA:57,8
DA:65,1
LF:20
LH:19
BRDA:30,3,0,67
BRDA:30,3,1,2
BRDA:31,4,0,2
BRDA:31,4,1,65
BRDA:35,5,0,0
BRDA:35,5,1,65
BRDA:54,6,0,6
BRDA:54,6,1,8
BRF:8
BRH:7
end_of_record
TN:
SF:/Users/andelaeveloper/Documents/DMS/server/models/index.js
FN:19,(anonymous_1)
FN:22,(anonymous_2)
FN:27,(anonymous_3)
FNF:3
FNH:3
FNDA:5,(anonymous_1)
FNDA:3,(anonymous_2)
FNDA:3,(anonymous_3)
DA:3,1
DA:4,1
DA:5,1
DA:6,1
DA:7,1
DA:8,1
DA:9,1
DA:11,1
DA:12,0
DA:14,1
DA:17,1
DA:20,5
DA:23,3
DA:24,3
DA:27,1
DA:28,3
DA:29,3
DA:33,1
DA:34,1
DA:36,1
LF:20
LH:19
BRDA:7,1,0,1
BRDA:7,1,1,0
BRDA:11,2,0,0
BRDA:11,2,1,1
BRDA:20,3,0,5
BRDA:20,3,1,4
BRDA:20,3,2,3
BRDA:28,4,0,3
BRDA:28,4,1,0
BRF:9
BRH:6
end_of_record
TN:
SF:/Users/andelaeveloper/Documents/DMS/server/models/documents.js
FN:1,(anonymous_1)
FN:19,associate
FNF:2
FNH:2
FNDA:1,(anonymous_1)
FNDA:1,associate
DA:1,1
DA:2,1
DA:20,1
DA:27,1
LF:4
LH:4
BRF:0
BRH:0
end_of_record
TN:
SF:/Users/andelaeveloper/Documents/DMS/server/models/role.js
FN:2,(anonymous_1)
FN:12,associate
FNF:2
FNH:2
FNDA:1,(anonymous_1)
FNDA:1,associate
DA:2,1
DA:3,1
DA:13,1
DA:21,1
LF:4
LH:4
BRF:0
BRH:0
end_of_record
TN:
SF:/Users/andelaeveloper/Documents/DMS/server/models/user.js
FN:3,(anonymous_2)
FN:39,associate
FN:52,validPassword
FN:55,hashPassword
FN:60,beforeCreate
FN:63,beforeUpdate
FNF:6
FNH:6
FNDA:1,(anonymous_2)
FNDA:1,associate
FNDA:8,validPassword
FNDA:8,hashPassword
FNDA:8,beforeCreate
FNDA:8,beforeUpdate
DA:1,1
DA:3,1
DA:4,1
DA:40,1
DA:44,1
DA:53,8
DA:56,8
DA:61,8
DA:64,8
DA:65,0
DA:70,1
LF:11
LH:10
BRDA:64,3,0,0
BRDA:64,3,1,8
BRF:2
BRH:1
end_of_record
TN:
SF:/Users/andelaeveloper/Documents/DMS/server/controllers/User.js
FN:14,create
FN:16,(anonymous_3)
FN:24,(anonymous_4)
FN:32,(anonymous_5)
FN:41,login
FN:44,(anonymous_7)
FN:67,allUsers
FN:81,(anonymous_9)
FN:104,findUser
FN:107,(anonymous_11)
FN:110,(anonymous_12)
FN:123,(anonymous_13)
FN:134,_delete
FN:138,(anonymous_15)
FN:141,(anonymous_16)
FN:158,(anonymous_17)
FN:162,(anonymous_18)
FN:173,logOut
FN:183,update
FN:185,(anonymous_21)
FN:188,(anonymous_22)
FN:211,(anonymous_23)
FN:220,(anonymous_24)
FN:232,search
FN:262,(anonymous_26)
FN:289,retrieveUserDocuments
FN:292,(anonymous_28)
FN:332,(anonymous_29)
FN:333,(anonymous_30)
FN:354,(anonymous_31)
FNF:30
FNH:26
FNDA:4,create
FNDA:4,(anonymous_3)
FNDA:3,(anonymous_4)
FNDA:1,(anonymous_5)
FNDA:10,login
FNDA:10,(anonymous_7)
FNDA:1,allUsers
FNDA:1,(anonymous_9)
FNDA:4,findUser
FNDA:4,(anonymous_11)
FNDA:2,(anonymous_12)
FNDA:2,(anonymous_13)
FNDA:3,_delete
FNDA:3,(anonymous_15)
FNDA:2,(anonymous_16)
FNDA:1,(anonymous_17)
FNDA:1,(anonymous_18)
FNDA:1,logOut
FNDA:1,update
FNDA:1,(anonymous_21)
FNDA:0,(anonymous_22)
FNDA:0,(anonymous_23)
FNDA:1,(anonymous_24)
FNDA:2,search
FNDA:1,(anonymous_26)
FNDA:1,retrieveUserDocuments
FNDA:1,(anonymous_28)
FNDA:1,(anonymous_29)
FNDA:0,(anonymous_30)
FNDA:0,(anonymous_31)
DA:1,1
DA:2,1
DA:3,1
DA:7,1
DA:15,4
DA:17,4
DA:18,0
DA:23,4
DA:25,3
DA:26,3
DA:32,1
DA:42,10
DA:45,10
DA:46,8
DA:47,8
DA:48,8
DA:55,2
DA:68,1
DA:69,1
DA:70,1
DA:82,1
DA:83,1
DA:88,1
DA:89,1
DA:105,4
DA:108,4
DA:111,2
DA:112,1
DA:116,1
DA:117,0
DA:120,1
DA:121,1
DA:123,2
DA:135,3
DA:136,3
DA:139,3
DA:142,2
DA:143,1
DA:147,1
DA:148,0
DA:152,1
DA:153,0
DA:157,1
DA:158,1
DA:162,1
DA:174,1
DA:184,1
DA:186,1
DA:189,0
DA:190,0
DA:194,0
DA:195,0
DA:199,0
DA:200,0
DA:204,0
DA:205,0
DA:210,0
DA:211,0
DA:220,1
DA:233,2
DA:235,2
DA:236,1
DA:240,1
DA:241,1
DA:242,1
DA:243,1
DA:244,1
DA:245,1
DA:261,1
DA:263,1
DA:268,1
DA:269,1
DA:270,1
DA:274,0
DA:290,1
DA:293,1
DA:294,1
DA:295,1
DA:301,0
DA:328,1
DA:329,1
DA:330,1
DA:333,1
DA:342,1
DA:345,1
DA:346,1
DA:350,0
DA:354,0
DA:362,1
LF:89
LH:71
BRDA:17,3,0,0
BRDA:17,3,1,4
BRDA:45,4,0,8
BRDA:45,4,1,2
BRDA:45,5,0,10
BRDA:45,5,1,8
BRDA:68,6,0,1
BRDA:68,6,1,1
BRDA:69,7,0,1
BRDA:69,7,1,1
BRDA:82,8,0,1
BRDA:82,8,1,0
BRDA:111,9,0,1
BRDA:111,9,1,1
BRDA:116,10,0,0
BRDA:116,10,1,1
BRDA:116,11,0,1
BRDA:116,11,1,0
BRDA:142,12,0,1
BRDA:142,12,1,1
BRDA:147,13,0,0
BRDA:147,13,1,1
BRDA:147,14,0,1
BRDA:147,14,1,0
BRDA:152,15,0,0
BRDA:152,15,1,1
BRDA:152,16,0,1
BRDA:152,16,1,1
BRDA:189,17,0,0
BRDA:189,17,1,0
BRDA:194,18,0,0
BRDA:194,18,1,0
BRDA:199,19,0,0
BRDA:199,19,1,0
BRDA:199,20,0,0
BRDA:199,20,1,0
BRDA:204,21,0,0
BRDA:204,21,1,0
BRDA:204,22,0,0
BRDA:204,22,1,0
BRDA:235,23,0,1
BRDA:235,23,1,1
BRDA:240,24,0,1
BRDA:240,24,1,1
BRDA:241,25,0,1
BRDA:241,25,1,1
BRDA:269,26,0,1
BRDA:269,26,1,0
BRDA:294,27,0,1
BRDA:294,27,1,0
BRDA:328,28,0,0
BRDA:328,28,1,1
BRDA:329,29,0,0
BRDA:329,29,1,1
BRDA:345,30,0,1
BRDA:345,30,1,0
BRF:56
BRH:32
end_of_record
TN:
SF:/Users/andelaeveloper/Documents/DMS/server/helpers/controllerHelper.js
FN:8,pagination
FN:21,getUserAttribute
FNF:2
FNH:1
FNDA:9,pagination
FNDA:0,getUserAttribute
DA:2,1
DA:9,9
DA:10,9
DA:11,9
DA:13,9
DA:22,0
DA:33,1
LF:7
LH:6
BRDA:12,1,0,8
BRDA:12,1,1,1
BRF:2
BRH:2
end_of_record
TN:
SF:/Users/andelaeveloper/Documents/DMS/server/routes/DocumentsRoutes.js
FN:4,(anonymous_2)
FNF:1
FNH:1
FNDA:1,(anonymous_2)
DA:1,1
DA:2,1
DA:4,1
DA:5,1
DA:8,1
DA:10,1
DA:13,1
DA:16,1
DA:19,1
DA:22,1
LF:10
LH:10
BRF:0
BRH:0
end_of_record
TN:
SF:/Users/andelaeveloper/Documents/DMS/server/controllers/Document.js
FN:14,create
FN:21,(anonymous_4)
FN:27,(anonymous_5)
FN:37,findDocument
FN:39,(anonymous_7)
FN:42,(anonymous_8)
FN:55,(anonymous_9)
FN:67,(anonymous_10)
FN:73,findUsersDocuments
FN:75,(anonymous_12)
FN:83,update
FN:85,(anonymous_14)
FN:88,(anonymous_15)
FN:105,(anonymous_16)
FN:110,(anonymous_17)
FN:121,_delete
FN:125,(anonymous_19)
FN:139,(anonymous_20)
FN:143,(anonymous_21)
FN:153,findAllDocument
FN:155,(anonymous_23)
FN:163,(anonymous_24)
FN:196,(anonymous_25)
FN:201,(anonymous_26)
FN:226,search
FN:228,(anonymous_28)
FN:297,(anonymous_29)
FN:298,(anonymous_30)
FNF:28
FNH:25
FNDA:7,create
FNDA:6,(anonymous_4)
FNDA:1,(anonymous_5)
FNDA:6,findDocument
FNDA:6,(anonymous_7)
FNDA:5,(anonymous_8)
FNDA:3,(anonymous_9)
FNDA:1,(anonymous_10)
FNDA:0,findUsersDocuments
FNDA:0,(anonymous_12)
FNDA:5,update
FNDA:5,(anonymous_14)
FNDA:4,(anonymous_15)
FNDA:0,(anonymous_16)
FNDA:1,(anonymous_17)
FNDA:5,_delete
FNDA:4,(anonymous_19)
FNDA:2,(anonymous_20)
FNDA:1,(anonymous_21)
FNDA:2,findAllDocument
FNDA:2,(anonymous_23)
FNDA:1,(anonymous_24)
FNDA:1,(anonymous_25)
FNDA:3,(anonymous_26)
FNDA:5,search
FNDA:5,(anonymous_28)
FNDA:4,(anonymous_29)
FNDA:5,(anonymous_30)
DA:1,1
DA:2,1
DA:3,1
DA:7,1
DA:15,7
DA:22,6
DA:27,1
DA:38,6
DA:40,6
DA:43,5
DA:44,1
DA:49,4
DA:51,1
DA:55,3
DA:56,3
DA:58,1
DA:62,2
DA:67,1
DA:74,0
DA:75,0
DA:84,5
DA:86,5
DA:89,4
DA:90,1
DA:94,3
DA:95,3
DA:98,0
DA:99,0
DA:104,0
DA:105,0
DA:110,1
DA:123,5
DA:126,4
DA:128,1
DA:132,3
DA:133,1
DA:138,2
DA:139,2
DA:143,1
DA:154,2
DA:156,2
DA:157,2
DA:158,2
DA:159,2
DA:160,2
DA:161,1
DA:164,1
DA:165,1
DA:166,1
DA:171,1
DA:194,1
DA:197,1
DA:198,1
DA:199,1
DA:200,1
DA:201,3
DA:210,1
DA:211,1
DA:227,5
DA:229,5
DA:231,5
DA:232,1
DA:237,4
DA:276,4
DA:277,3
DA:291,4
DA:292,4
DA:293,4
DA:294,4
DA:295,4
DA:298,5
DA:307,4
DA:308,4
DA:309,4
DA:310,1
DA:314,3
DA:322,1
LF:77
LH:71
BRDA:43,4,0,1
BRDA:43,4,1,4
BRDA:49,5,0,1
BRDA:49,5,1,3
BRDA:49,6,0,4
BRDA:49,6,1,2
BRDA:49,6,2,1
BRDA:56,7,0,1
BRDA:56,7,1,2
BRDA:56,8,0,3
BRDA:56,8,1,1
BRDA:56,8,2,1
BRDA:89,9,0,1
BRDA:89,9,1,3
BRDA:94,10,0,3
BRDA:94,10,1,0
BRDA:94,11,0,3
BRDA:94,11,1,3
BRDA:98,12,0,0
BRDA:98,12,1,0
BRDA:98,13,0,0
BRDA:98,13,1,0
BRDA:126,14,0,1
BRDA:126,14,1,3
BRDA:132,15,0,1
BRDA:132,15,1,2
BRDA:132,16,0,3
BRDA:132,16,1,1
BRDA:157,17,0,0
BRDA:157,17,1,2
BRDA:158,18,0,0
BRDA:158,18,1,2
BRDA:160,19,0,1
BRDA:160,19,1,1
BRDA:198,20,0,0
BRDA:198,20,1,1
BRDA:199,21,0,0
BRDA:199,21,1,1
BRDA:231,22,0,1
BRDA:231,22,1,4
BRDA:276,23,0,3
BRDA:276,23,1,1
BRDA:291,24,0,0
BRDA:291,24,1,4
BRDA:292,25,0,0
BRDA:292,25,1,4
BRDA:309,26,0,1
BRDA:309,26,1,3
BRF:48
BRH:37
end_of_record
TN:
SF:/Users/andelaeveloper/Documents/DMS/server/routes/RolesRoutes.js
FN:17,(anonymous_2)
FNF:1
FNH:1
FNDA:1,(anonymous_2)
DA:1,1
DA:2,1
DA:17,1
DA:18,1
DA:20,1
DA:22,1
DA:24,1
DA:26,1
LF:8
LH:8
BRF:0
BRH:0
end_of_record
TN:
SF:/Users/andelaeveloper/Documents/DMS/server/controllers/Role.js
FN:10,createRole
FN:12,(anonymous_3)
FN:21,(anonymous_4)
FN:22,(anonymous_5)
FN:33,getRoles
FN:35,(anonymous_7)
FN:47,getRolesById
FN:50,(anonymous_9)
FN:58,(anonymous_10)
FN:69,deleteRole
FN:72,(anonymous_12)
FN:85,(anonymous_13)
FN:89,(anonymous_14)
FN:100,updateRole
FN:102,(anonymous_16)
FN:109,(anonymous_17)
FN:124,(anonymous_18)
FN:128,(anonymous_19)
FNF:18
FNH:14
FNDA:1,createRole
FNDA:1,(anonymous_3)
FNDA:0,(anonymous_4)
FNDA:0,(anonymous_5)
FNDA:1,getRoles
FNDA:1,(anonymous_7)
FNDA:3,getRolesById
FNDA:2,(anonymous_9)
FNDA:1,(anonymous_10)
FNDA:4,deleteRole
FNDA:3,(anonymous_12)
FNDA:0,(anonymous_13)
FNDA:1,(anonymous_14)
FNDA:5,updateRole
FNDA:5,(anonymous_16)
FNDA:2,(anonymous_17)
FNDA:0,(anonymous_18)
FNDA:2,(anonymous_19)
DA:1,1
DA:3,1
DA:11,1
DA:13,1
DA:14,1
DA:18,0
DA:21,0
DA:22,0
DA:34,1
DA:36,1
DA:48,3
DA:51,2
DA:52,1
DA:56,1
DA:58,1
DA:70,4
DA:73,3
DA:74,1
DA:78,2
DA:79,2
DA:84,0
DA:85,0
DA:89,1
DA:101,5
DA:103,5
DA:104,1
DA:108,4
DA:110,2
DA:111,1
DA:115,1
DA:116,1
DA:121,0
DA:124,0
DA:128,2
DA:136,1
LF:35
LH:28
BRDA:13,3,0,1
BRDA:13,3,1,0
BRDA:51,4,0,1
BRDA:51,4,1,1
BRDA:73,5,0,1
BRDA:73,5,1,2
BRDA:78,6,0,2
BRDA:78,6,1,0
BRDA:78,7,0,2
BRDA:78,7,1,1
BRDA:103,8,0,1
BRDA:103,8,1,4
BRDA:110,9,0,1
BRDA:110,9,1,1
BRDA:115,10,0,1
BRDA:115,10,1,0
BRDA:115,11,0,1
BRDA:115,11,1,0
BRF:18
BRH:14
end_of_record
