TN:
SF:/Users/andelaeveloper/Documents/DMS/test-server.js
FN:18,(anonymous_2)
FNF:1
FNH:1
FNDA:1,(anonymous_2)
DA:2,1
DA:3,1
DA:4,1
DA:7,1
DA:9,1
DA:10,1
DA:14,1
DA:15,1
DA:16,1
DA:18,1
DA:19,1
DA:22,1
LF:12
LH:12
BRF:0
BRH:0
end_of_record
TN:
SF:/Users/andelaeveloper/Documents/DMS/server/routes/UsersRoutes.js
FN:4,(anonymous_2)
FNF:1
FNH:1
FNDA:1,(anonymous_2)
DA:1,1
DA:2,1
DA:4,1
DA:5,1
DA:7,1
DA:9,1
DA:11,1
DA:13,1
DA:15,1
DA:17,1
DA:19,1
DA:21,1
LF:12
LH:12
BRF:0
BRH:0
end_of_record
TN:
SF:/Users/andelaeveloper/Documents/DMS/server/middlewares/Auth.js
FN:13,getToken
FN:29,verifyToken
FN:34,(anonymous_4)
FN:50,verifyAdmin
FN:52,(anonymous_6)
FNF:5
FNH:5
FNDA:11,getToken
FNDA:71,verifyToken
FNDA:69,(anonymous_4)
FNDA:22,verifyAdmin
FNDA:22,(anonymous_6)
DA:1,1
DA:2,1
DA:3,1
DA:5,1
DA:6,1
DA:7,1
DA:14,11
DA:20,11
DA:30,71
DA:31,71
DA:32,2
DA:34,69
DA:35,69
DA:36,0
DA:38,69
DA:51,22
DA:53,22
DA:56,6
DA:64,1
LF:19
LH:18
BRDA:30,3,0,71
BRDA:30,3,1,2
BRDA:31,4,0,2
BRDA:31,4,1,69
BRDA:35,5,0,0
BRDA:35,5,1,69
BRDA:53,6,0,16
BRDA:53,6,1,6
BRF:8
BRH:7
end_of_record
TN:
SF:/Users/andelaeveloper/Documents/DMS/server/models/index.js
FN:19,(anonymous_1)
FN:22,(anonymous_2)
FN:27,(anonymous_3)
FNF:3
FNH:3
FNDA:5,(anonymous_1)
FNDA:3,(anonymous_2)
FNDA:3,(anonymous_3)
DA:3,1
DA:4,1
DA:5,1
DA:6,1
DA:7,1
DA:8,1
DA:9,1
DA:11,1
DA:12,1
DA:14,0
DA:17,1
DA:20,5
DA:23,3
DA:24,3
DA:27,1
DA:28,3
DA:29,3
DA:33,1
DA:34,1
DA:36,1
LF:20
LH:19
BRDA:7,1,0,1
BRDA:7,1,1,0
BRDA:11,2,0,1
BRDA:11,2,1,0
BRDA:20,3,0,5
BRDA:20,3,1,4
BRDA:20,3,2,3
BRDA:28,4,0,3
BRDA:28,4,1,0
BRF:9
BRH:6
end_of_record
TN:
SF:/Users/andelaeveloper/Documents/DMS/server/config/config.js
FNF:0
FNH:0
DA:1,1
DA:3,1
LF:2
LH:2
BRF:0
BRH:0
end_of_record
TN:
SF:/Users/andelaeveloper/Documents/DMS/server/models/documents.js
FN:1,(anonymous_1)
FN:19,associate
FNF:2
FNH:2
FNDA:1,(anonymous_1)
FNDA:1,associate
DA:1,1
DA:2,1
DA:20,1
DA:27,1
LF:4
LH:4
BRF:0
BRH:0
end_of_record
TN:
SF:/Users/andelaeveloper/Documents/DMS/server/models/role.js
FN:2,(anonymous_1)
FN:12,associate
FNF:2
FNH:2
FNDA:1,(anonymous_1)
FNDA:1,associate
DA:2,1
DA:3,1
DA:13,1
DA:21,1
LF:4
LH:4
BRF:0
BRH:0
end_of_record
TN:
SF:/Users/andelaeveloper/Documents/DMS/server/models/user.js
FN:3,(anonymous_2)
FN:39,associate
FN:52,validPassword
FN:55,hashPassword
FN:60,beforeCreate
FN:63,beforeUpdate
FNF:6
FNH:6
FNDA:1,(anonymous_2)
FNDA:1,associate
FNDA:8,validPassword
FNDA:8,hashPassword
FNDA:8,beforeCreate
FNDA:8,beforeUpdate
DA:1,1
DA:3,1
DA:4,1
DA:40,1
DA:44,1
DA:53,8
DA:56,8
DA:61,8
DA:64,8
DA:65,0
DA:70,1
LF:11
LH:10
BRDA:64,3,0,0
BRDA:64,3,1,8
BRF:2
BRH:1
end_of_record
TN:
SF:/Users/andelaeveloper/Documents/DMS/server/controllers/User.js
FN:14,create
FN:16,(anonymous_3)
FN:24,(anonymous_4)
FN:32,(anonymous_5)
FN:41,login
FN:44,(anonymous_7)
FN:67,allUsers
FN:81,(anonymous_9)
FN:104,findUser
FN:107,(anonymous_11)
FN:110,(anonymous_12)
FN:123,(anonymous_13)
FN:134,_delete
FN:137,(anonymous_15)
FN:140,(anonymous_16)
FN:157,(anonymous_17)
FN:161,(anonymous_18)
FN:172,logOut
FN:182,updateUsers
FN:184,(anonymous_21)
FN:187,(anonymous_22)
FN:205,(anonymous_23)
FN:214,(anonymous_24)
FN:226,search
FN:252,(anonymous_26)
FN:279,retrieveUserDocuments
FN:282,(anonymous_28)
FN:322,(anonymous_29)
FN:323,(anonymous_30)
FN:344,(anonymous_31)
FNF:30
FNH:27
FNDA:4,create
FNDA:4,(anonymous_3)
FNDA:3,(anonymous_4)
FNDA:1,(anonymous_5)
FNDA:10,login
FNDA:10,(anonymous_7)
FNDA:1,allUsers
FNDA:1,(anonymous_9)
FNDA:4,findUser
FNDA:4,(anonymous_11)
FNDA:2,(anonymous_12)
FNDA:2,(anonymous_13)
FNDA:3,_delete
FNDA:3,(anonymous_15)
FNDA:2,(anonymous_16)
FNDA:1,(anonymous_17)
FNDA:1,(anonymous_18)
FNDA:1,logOut
FNDA:3,updateUsers
FNDA:3,(anonymous_21)
FNDA:1,(anonymous_22)
FNDA:0,(anonymous_23)
FNDA:2,(anonymous_24)
FNDA:2,search
FNDA:1,(anonymous_26)
FNDA:1,retrieveUserDocuments
FNDA:1,(anonymous_28)
FNDA:1,(anonymous_29)
FNDA:0,(anonymous_30)
FNDA:0,(anonymous_31)
DA:1,1
DA:2,1
DA:3,1
DA:7,1
DA:15,4
DA:17,4
DA:18,0
DA:23,4
DA:25,3
DA:26,3
DA:32,1
DA:42,10
DA:45,10
DA:46,8
DA:47,8
DA:48,8
DA:55,2
DA:68,1
DA:69,1
DA:70,1
DA:82,1
DA:83,1
DA:88,1
DA:89,1
DA:105,4
DA:108,4
DA:111,2
DA:112,1
DA:116,1
DA:117,0
DA:120,1
DA:121,1
DA:123,2
DA:135,3
DA:138,3
DA:141,2
DA:142,1
DA:146,1
DA:147,0
DA:151,1
DA:152,0
DA:156,1
DA:157,1
DA:161,1
DA:173,1
DA:183,3
DA:185,3
DA:188,1
DA:189,1
DA:193,0
DA:194,0
DA:198,0
DA:199,0
DA:204,0
DA:205,0
DA:214,2
DA:227,2
DA:229,2
DA:230,1
DA:234,1
DA:235,1
DA:236,1
DA:237,1
DA:238,1
DA:251,1
DA:253,1
DA:258,1
DA:259,1
DA:260,1
DA:264,0
DA:280,1
DA:283,1
DA:284,1
DA:285,1
DA:291,0
DA:318,1
DA:319,1
DA:320,1
DA:323,1
DA:332,1
DA:335,1
DA:336,1
DA:340,0
DA:344,0
DA:352,1
LF:85
LH:71
BRDA:17,3,0,0
BRDA:17,3,1,4
BRDA:45,4,0,8
BRDA:45,4,1,2
BRDA:45,5,0,10
BRDA:45,5,1,8
BRDA:68,6,0,1
BRDA:68,6,1,1
BRDA:69,7,0,1
BRDA:69,7,1,1
BRDA:82,8,0,1
BRDA:82,8,1,0
BRDA:111,9,0,1
BRDA:111,9,1,1
BRDA:116,10,0,0
BRDA:116,10,1,1
BRDA:116,11,0,1
BRDA:116,11,1,0
BRDA:141,12,0,1
BRDA:141,12,1,1
BRDA:146,13,0,0
BRDA:146,13,1,1
BRDA:146,14,0,1
BRDA:146,14,1,0
BRDA:151,15,0,0
BRDA:151,15,1,1
BRDA:151,16,0,1
BRDA:151,16,1,1
BRDA:188,17,0,1
BRDA:188,17,1,0
BRDA:193,18,0,0
BRDA:193,18,1,0
BRDA:193,19,0,0
BRDA:193,19,1,0
BRDA:198,20,0,0
BRDA:198,20,1,0
BRDA:198,21,0,0
BRDA:198,21,1,0
BRDA:229,22,0,1
BRDA:229,22,1,1
BRDA:234,23,0,1
BRDA:234,23,1,1
BRDA:235,24,0,1
BRDA:235,24,1,1
BRDA:259,25,0,1
BRDA:259,25,1,0
BRDA:284,26,0,1
BRDA:284,26,1,0
BRDA:318,27,0,0
BRDA:318,27,1,1
BRDA:319,28,0,0
BRDA:319,28,1,1
BRDA:335,29,0,1
BRDA:335,29,1,0
BRF:54
BRH:33
end_of_record
TN:
SF:/Users/andelaeveloper/Documents/DMS/server/helpers/controllerHelper.js
FN:8,pagination
FN:21,getUserAttribute
FNF:2
FNH:1
FNDA:9,pagination
FNDA:0,getUserAttribute
DA:2,1
DA:9,9
DA:10,9
DA:11,9
DA:13,9
DA:22,0
DA:33,1
LF:7
LH:6
BRDA:12,1,0,7
BRDA:12,1,1,2
BRF:2
BRH:2
end_of_record
TN:
SF:/Users/andelaeveloper/Documents/DMS/server/routes/DocumentsRoutes.js
FN:4,(anonymous_2)
FNF:1
FNH:1
FNDA:1,(anonymous_2)
DA:1,1
DA:2,1
DA:4,1
DA:5,1
DA:8,1
DA:10,1
DA:13,1
DA:16,1
DA:19,1
DA:22,1
LF:10
LH:10
BRF:0
BRH:0
end_of_record
TN:
SF:/Users/andelaeveloper/Documents/DMS/server/controllers/Document.js
FN:13,create
FN:20,(anonymous_4)
FN:26,(anonymous_5)
FN:36,findDocument
FN:38,(anonymous_7)
FN:41,(anonymous_8)
FN:54,(anonymous_9)
FN:66,(anonymous_10)
FN:72,findUsersDocuments
FN:74,(anonymous_12)
FN:82,updateDoc
FN:84,(anonymous_14)
FN:87,(anonymous_15)
FN:104,(anonymous_16)
FN:112,(anonymous_17)
FN:123,_delete
FN:127,(anonymous_19)
FN:140,(anonymous_20)
FN:144,(anonymous_21)
FN:154,findAllDocument
FN:156,(anonymous_23)
FN:164,(anonymous_24)
FN:196,(anonymous_25)
FN:201,(anonymous_26)
FN:228,search
FN:230,(anonymous_28)
FN:299,(anonymous_29)
FN:300,(anonymous_30)
FNF:28
FNH:26
FNDA:7,create
FNDA:6,(anonymous_4)
FNDA:1,(anonymous_5)
FNDA:6,findDocument
FNDA:6,(anonymous_7)
FNDA:5,(anonymous_8)
FNDA:3,(anonymous_9)
FNDA:1,(anonymous_10)
FNDA:0,findUsersDocuments
FNDA:0,(anonymous_12)
FNDA:7,updateDoc
FNDA:7,(anonymous_14)
FNDA:6,(anonymous_15)
FNDA:2,(anonymous_16)
FNDA:1,(anonymous_17)
FNDA:5,_delete
FNDA:4,(anonymous_19)
FNDA:2,(anonymous_20)
FNDA:1,(anonymous_21)
FNDA:2,findAllDocument
FNDA:2,(anonymous_23)
FNDA:1,(anonymous_24)
FNDA:1,(anonymous_25)
FNDA:3,(anonymous_26)
FNDA:5,search
FNDA:5,(anonymous_28)
FNDA:4,(anonymous_29)
FNDA:3,(anonymous_30)
DA:1,1
DA:2,1
DA:6,1
DA:14,7
DA:21,6
DA:26,1
DA:37,6
DA:39,6
DA:42,5
DA:43,1
DA:48,4
DA:50,1
DA:54,3
DA:55,3
DA:57,1
DA:61,2
DA:66,1
DA:73,0
DA:74,0
DA:83,7
DA:85,7
DA:88,6
DA:89,1
DA:93,5
DA:94,3
DA:97,2
DA:98,0
DA:103,2
DA:105,2
DA:112,1
DA:125,5
DA:128,4
DA:129,1
DA:133,3
DA:134,1
DA:139,2
DA:140,2
DA:144,1
DA:155,2
DA:157,2
DA:158,2
DA:159,2
DA:160,2
DA:161,2
DA:162,1
DA:165,1
DA:166,1
DA:167,1
DA:172,1
DA:188,1
DA:194,1
DA:197,1
DA:198,1
DA:199,1
DA:200,1
DA:201,3
DA:211,1
DA:212,1
DA:229,5
DA:231,5
DA:233,5
DA:234,1
DA:239,4
DA:278,4
DA:279,3
DA:293,4
DA:294,4
DA:295,4
DA:296,4
DA:297,4
DA:300,4
DA:309,4
DA:310,4
DA:311,4
DA:312,1
DA:316,3
DA:324,1
LF:77
LH:74
BRDA:42,4,0,1
BRDA:42,4,1,4
BRDA:48,5,0,1
BRDA:48,5,1,3
BRDA:48,6,0,4
BRDA:48,6,1,2
BRDA:48,6,2,1
BRDA:55,7,0,1
BRDA:55,7,1,2
BRDA:55,8,0,3
BRDA:55,8,1,1
BRDA:55,8,2,1
BRDA:88,9,0,1
BRDA:88,9,1,5
BRDA:93,10,0,3
BRDA:93,10,1,2
BRDA:93,11,0,5
BRDA:93,11,1,4
BRDA:97,12,0,0
BRDA:97,12,1,2
BRDA:97,13,0,2
BRDA:97,13,1,0
BRDA:128,14,0,1
BRDA:128,14,1,3
BRDA:133,15,0,1
BRDA:133,15,1,2
BRDA:133,16,0,3
BRDA:133,16,1,1
BRDA:158,17,0,0
BRDA:158,17,1,2
BRDA:159,18,0,0
BRDA:159,18,1,2
BRDA:161,19,0,1
BRDA:161,19,1,1
BRDA:198,20,0,0
BRDA:198,20,1,1
BRDA:199,21,0,0
BRDA:199,21,1,1
BRDA:233,22,0,1
BRDA:233,22,1,4
BRDA:278,23,0,3
BRDA:278,23,1,1
BRDA:293,24,0,0
BRDA:293,24,1,4
BRDA:294,25,0,0
BRDA:294,25,1,4
BRDA:311,26,0,1
BRDA:311,26,1,3
BRF:48
BRH:40
end_of_record
TN:
SF:/Users/andelaeveloper/Documents/DMS/server/routes/RolesRoutes.js
FN:17,(anonymous_2)
FNF:1
FNH:1
FNDA:1,(anonymous_2)
DA:1,1
DA:2,1
DA:17,1
DA:18,1
DA:20,1
DA:22,1
DA:24,1
DA:26,1
LF:8
LH:8
BRF:0
BRH:0
end_of_record
